2022/06/03 01:25:38 main.go:16: test
2022/06/03 01:25:49 main.go:16: test
2022/06/03 12:39:15 users.go:32: sql: converting argument $1 type: unsupported type func() uuid.UUID, a func
2022/06/03 16:49:39 todos.go:23: table todos has no column named Created_at
2022/06/03 16:50:09 todos.go:23: table todos has no column named created_at
2022/06/03 16:51:20 todos.go:23: table todos has no column named created_at
2022/06/03 20:03:05 server.go:3197: http: panic serving [::1]:57111: template: index.html:1: bad character U+0022 '"'
goroutine 20 [running]:
net/http.(*conn).serve.func1()
	/Users/ryota-k/.goenv/versions/1.18.2/src/net/http/server.go:1825 +0xbf
panic({0x449b500, 0xc000119170})
	/Users/ryota-k/.goenv/versions/1.18.2/src/runtime/panic.go:844 +0x258
html/template.Must(...)
	/Users/ryota-k/.goenv/versions/1.18.2/src/html/template/template.go:374
github.com/RyotaKITA-12/goTodo.git/app/controllers.generateHTML({0x4592580?, 0xc00019c0e0}, {0x448ba80, 0x458ed20}, {0xc0002049f0?, 0x2, 0x0?})
	/Users/ryota-k/.goenv/versions/1.18.2/src/github.com/RyotaKITA-12/goTodo/app/controllers/server.go:24 +0x106
github.com/RyotaKITA-12/goTodo.git/app/controllers.index({0x4592580?, 0xc00019c0e0?}, 0x0?)
	/Users/ryota-k/.goenv/versions/1.18.2/src/github.com/RyotaKITA-12/goTodo/app/controllers/route_main.go:8 +0x75
net/http.HandlerFunc.ServeHTTP(0x4f7b788?, {0x4592580?, 0xc00019c0e0?}, 0x4011925?)
	/Users/ryota-k/.goenv/versions/1.18.2/src/net/http/server.go:2084 +0x2f
net/http.(*ServeMux).ServeHTTP(0x0?, {0x4592580, 0xc00019c0e0}, 0xc000194200)
	/Users/ryota-k/.goenv/versions/1.18.2/src/net/http/server.go:2462 +0x149
net/http.serverHandler.ServeHTTP({0xc00020a030?}, {0x4592580, 0xc00019c0e0}, 0xc000194200)
	/Users/ryota-k/.goenv/versions/1.18.2/src/net/http/server.go:2916 +0x43b
net/http.(*conn).serve(0xc000137400, {0x4592838, 0xc00011b560})
	/Users/ryota-k/.goenv/versions/1.18.2/src/net/http/server.go:1966 +0x5d7
created by net/http.(*Server).Serve
	/Users/ryota-k/.goenv/versions/1.18.2/src/net/http/server.go:3071 +0x4db
2022/06/03 20:03:05 server.go:3197: http: panic serving [::1]:57112: template: index.html:1: bad character U+0022 '"'
goroutine 21 [running]:
net/http.(*conn).serve.func1()
	/Users/ryota-k/.goenv/versions/1.18.2/src/net/http/server.go:1825 +0xbf
panic({0x449b500, 0xc00020e090})
	/Users/ryota-k/.goenv/versions/1.18.2/src/runtime/panic.go:844 +0x258
html/template.Must(...)
	/Users/ryota-k/.goenv/versions/1.18.2/src/html/template/template.go:374
github.com/RyotaKITA-12/goTodo.git/app/controllers.generateHTML({0x4592580?, 0xc00019c1c0}, {0x448ba80, 0x458ed20}, {0xc0001419f0?, 0x2, 0x0?})
	/Users/ryota-k/.goenv/versions/1.18.2/src/github.com/RyotaKITA-12/goTodo/app/controllers/server.go:24 +0x106
github.com/RyotaKITA-12/goTodo.git/app/controllers.index({0x4592580?, 0xc00019c1c0?}, 0x0?)
	/Users/ryota-k/.goenv/versions/1.18.2/src/github.com/RyotaKITA-12/goTodo/app/controllers/route_main.go:8 +0x75
net/http.HandlerFunc.ServeHTTP(0x4f7b698?, {0x4592580?, 0xc00019c1c0?}, 0x4011925?)
	/Users/ryota-k/.goenv/versions/1.18.2/src/net/http/server.go:2084 +0x2f
net/http.(*ServeMux).ServeHTTP(0x0?, {0x4592580, 0xc00019c1c0}, 0xc000194100)
	/Users/ryota-k/.goenv/versions/1.18.2/src/net/http/server.go:2462 +0x149
net/http.serverHandler.ServeHTTP({0xc00011b6b0?}, {0x4592580, 0xc00019c1c0}, 0xc000194100)
	/Users/ryota-k/.goenv/versions/1.18.2/src/net/http/server.go:2916 +0x43b
net/http.(*conn).serve(0xc0001374a0, {0x4592838, 0xc00011b560})
	/Users/ryota-k/.goenv/versions/1.18.2/src/net/http/server.go:1966 +0x5d7
created by net/http.(*Server).Serve
	/Users/ryota-k/.goenv/versions/1.18.2/src/net/http/server.go:3071 +0x4db
2022/06/03 20:03:05 server.go:3197: http: panic serving [::1]:57113: template: index.html:1: bad character U+0022 '"'
goroutine 35 [running]:
net/http.(*conn).serve.func1()
	/Users/ryota-k/.goenv/versions/1.18.2/src/net/http/server.go:1825 +0xbf
panic({0x449b500, 0xc0000120c0})
	/Users/ryota-k/.goenv/versions/1.18.2/src/runtime/panic.go:844 +0x258
html/template.Must(...)
	/Users/ryota-k/.goenv/versions/1.18.2/src/html/template/template.go:374
github.com/RyotaKITA-12/goTodo.git/app/controllers.generateHTML({0x4592580?, 0xc00025a000}, {0x448ba80, 0x458ed20}, {0xc0002059f0?, 0x2, 0x0?})
	/Users/ryota-k/.goenv/versions/1.18.2/src/github.com/RyotaKITA-12/goTodo/app/controllers/server.go:24 +0x106
github.com/RyotaKITA-12/goTodo.git/app/controllers.index({0x4592580?, 0xc00025a000?}, 0x0?)
	/Users/ryota-k/.goenv/versions/1.18.2/src/github.com/RyotaKITA-12/goTodo/app/controllers/route_main.go:8 +0x75
net/http.HandlerFunc.ServeHTTP(0x4f7b698?, {0x4592580?, 0xc00025a000?}, 0x4011925?)
	/Users/ryota-k/.goenv/versions/1.18.2/src/net/http/server.go:2084 +0x2f
net/http.(*ServeMux).ServeHTTP(0x0?, {0x4592580, 0xc00025a000}, 0xc000250000)
	/Users/ryota-k/.goenv/versions/1.18.2/src/net/http/server.go:2462 +0x149
net/http.serverHandler.ServeHTTP({0xc00020a270?}, {0x4592580, 0xc00025a000}, 0xc000250000)
	/Users/ryota-k/.goenv/versions/1.18.2/src/net/http/server.go:2916 +0x43b
net/http.(*conn).serve(0xc00024e000, {0x4592838, 0xc00011b560})
	/Users/ryota-k/.goenv/versions/1.18.2/src/net/http/server.go:1966 +0x5d7
created by net/http.(*Server).Serve
	/Users/ryota-k/.goenv/versions/1.18.2/src/net/http/server.go:3071 +0x4db
2022/06/03 20:03:06 server.go:3197: http: panic serving [::1]:57114: template: index.html:1: bad character U+0022 '"'
goroutine 27 [running]:
net/http.(*conn).serve.func1()
	/Users/ryota-k/.goenv/versions/1.18.2/src/net/http/server.go:1825 +0xbf
panic({0x449b500, 0xc00020e200})
	/Users/ryota-k/.goenv/versions/1.18.2/src/runtime/panic.go:844 +0x258
html/template.Must(...)
	/Users/ryota-k/.goenv/versions/1.18.2/src/html/template/template.go:374
github.com/RyotaKITA-12/goTodo.git/app/controllers.generateHTML({0x4592580?, 0xc00019c2a0}, {0x448ba80, 0x458ed20}, {0xc0000699f0?, 0x2, 0x0?})
	/Users/ryota-k/.goenv/versions/1.18.2/src/github.com/RyotaKITA-12/goTodo/app/controllers/server.go:24 +0x106
github.com/RyotaKITA-12/goTodo.git/app/controllers.index({0x4592580?, 0xc00019c2a0?}, 0x0?)
	/Users/ryota-k/.goenv/versions/1.18.2/src/github.com/RyotaKITA-12/goTodo/app/controllers/route_main.go:8 +0x75
net/http.HandlerFunc.ServeHTTP(0x4f7b698?, {0x4592580?, 0xc00019c2a0?}, 0x4011925?)
	/Users/ryota-k/.goenv/versions/1.18.2/src/net/http/server.go:2084 +0x2f
net/http.(*ServeMux).ServeHTTP(0x0?, {0x4592580, 0xc00019c2a0}, 0xc0000b0000)
	/Users/ryota-k/.goenv/versions/1.18.2/src/net/http/server.go:2462 +0x149
net/http.serverHandler.ServeHTTP({0xc000090180?}, {0x4592580, 0xc00019c2a0}, 0xc0000b0000)
	/Users/ryota-k/.goenv/versions/1.18.2/src/net/http/server.go:2916 +0x43b
net/http.(*conn).serve(0xc000137540, {0x4592838, 0xc00011b560})
	/Users/ryota-k/.goenv/versions/1.18.2/src/net/http/server.go:1966 +0x5d7
created by net/http.(*Server).Serve
	/Users/ryota-k/.goenv/versions/1.18.2/src/net/http/server.go:3071 +0x4db
2022/06/03 20:03:06 server.go:3197: http: panic serving [::1]:57115: template: index.html:1: bad character U+0022 '"'
goroutine 28 [running]:
net/http.(*conn).serve.func1()
	/Users/ryota-k/.goenv/versions/1.18.2/src/net/http/server.go:1825 +0xbf
panic({0x449b500, 0xc000119360})
	/Users/ryota-k/.goenv/versions/1.18.2/src/runtime/panic.go:844 +0x258
html/template.Must(...)
	/Users/ryota-k/.goenv/versions/1.18.2/src/html/template/template.go:374
github.com/RyotaKITA-12/goTodo.git/app/controllers.generateHTML({0x4592580?, 0xc00025a0e0}, {0x448ba80, 0x458ed20}, {0xc0002049f0?, 0x2, 0x0?})
	/Users/ryota-k/.goenv/versions/1.18.2/src/github.com/RyotaKITA-12/goTodo/app/controllers/server.go:24 +0x106
github.com/RyotaKITA-12/goTodo.git/app/controllers.index({0x4592580?, 0xc00025a0e0?}, 0x0?)
	/Users/ryota-k/.goenv/versions/1.18.2/src/github.com/RyotaKITA-12/goTodo/app/controllers/route_main.go:8 +0x75
net/http.HandlerFunc.ServeHTTP(0x4f7b788?, {0x4592580?, 0xc00025a0e0?}, 0x4011925?)
	/Users/ryota-k/.goenv/versions/1.18.2/src/net/http/server.go:2084 +0x2f
net/http.(*ServeMux).ServeHTTP(0x0?, {0x4592580, 0xc00025a0e0}, 0xc000194500)
	/Users/ryota-k/.goenv/versions/1.18.2/src/net/http/server.go:2462 +0x149
net/http.serverHandler.ServeHTTP({0xc0001d0150?}, {0x4592580, 0xc00025a0e0}, 0xc000194500)
	/Users/ryota-k/.goenv/versions/1.18.2/src/net/http/server.go:2916 +0x43b
net/http.(*conn).serve(0xc0001375e0, {0x4592838, 0xc00011b560})
	/Users/ryota-k/.goenv/versions/1.18.2/src/net/http/server.go:1966 +0x5d7
created by net/http.(*Server).Serve
	/Users/ryota-k/.goenv/versions/1.18.2/src/net/http/server.go:3071 +0x4db
2022/06/03 20:03:06 server.go:3197: http: panic serving [::1]:57116: template: index.html:1: bad character U+0022 '"'
goroutine 32 [running]:
net/http.(*conn).serve.func1()
	/Users/ryota-k/.goenv/versions/1.18.2/src/net/http/server.go:1825 +0xbf
panic({0x449b500, 0xc000012170})
	/Users/ryota-k/.goenv/versions/1.18.2/src/runtime/panic.go:844 +0x258
html/template.Must(...)
	/Users/ryota-k/.goenv/versions/1.18.2/src/html/template/template.go:374
github.com/RyotaKITA-12/goTodo.git/app/controllers.generateHTML({0x4592580?, 0xc00019c380}, {0x448ba80, 0x458ed20}, {0xc0000699f0?, 0x2, 0x0?})
	/Users/ryota-k/.goenv/versions/1.18.2/src/github.com/RyotaKITA-12/goTodo/app/controllers/server.go:24 +0x106
github.com/RyotaKITA-12/goTodo.git/app/controllers.index({0x4592580?, 0xc00019c380?}, 0x0?)
	/Users/ryota-k/.goenv/versions/1.18.2/src/github.com/RyotaKITA-12/goTodo/app/controllers/route_main.go:8 +0x75
net/http.HandlerFunc.ServeHTTP(0x4f7b788?, {0x4592580?, 0xc00019c380?}, 0x4011925?)
	/Users/ryota-k/.goenv/versions/1.18.2/src/net/http/server.go:2084 +0x2f
net/http.(*ServeMux).ServeHTTP(0x0?, {0x4592580, 0xc00019c380}, 0xc000194600)
	/Users/ryota-k/.goenv/versions/1.18.2/src/net/http/server.go:2462 +0x149
net/http.serverHandler.ServeHTTP({0xc0001d0720?}, {0x4592580, 0xc00019c380}, 0xc000194600)
	/Users/ryota-k/.goenv/versions/1.18.2/src/net/http/server.go:2916 +0x43b
net/http.(*conn).serve(0xc000137680, {0x4592838, 0xc00011b560})
	/Users/ryota-k/.goenv/versions/1.18.2/src/net/http/server.go:1966 +0x5d7
created by net/http.(*Server).Serve
	/Users/ryota-k/.goenv/versions/1.18.2/src/net/http/server.go:3071 +0x4db
2022/06/03 20:03:07 server.go:3197: http: panic serving [::1]:57117: template: index.html:1: bad character U+0022 '"'
goroutine 7 [running]:
net/http.(*conn).serve.func1()
	/Users/ryota-k/.goenv/versions/1.18.2/src/net/http/server.go:1825 +0xbf
panic({0x449b500, 0xc0000122c0})
	/Users/ryota-k/.goenv/versions/1.18.2/src/runtime/panic.go:844 +0x258
html/template.Must(...)
	/Users/ryota-k/.goenv/versions/1.18.2/src/html/template/template.go:374
github.com/RyotaKITA-12/goTodo.git/app/controllers.generateHTML({0x4592580?, 0xc0000cc000}, {0x448ba80, 0x458ed20}, {0xc0002049f0?, 0x2, 0x0?})
	/Users/ryota-k/.goenv/versions/1.18.2/src/github.com/RyotaKITA-12/goTodo/app/controllers/server.go:24 +0x106
github.com/RyotaKITA-12/goTodo.git/app/controllers.index({0x4592580?, 0xc0000cc000?}, 0x0?)
	/Users/ryota-k/.goenv/versions/1.18.2/src/github.com/RyotaKITA-12/goTodo/app/controllers/route_main.go:8 +0x75
net/http.HandlerFunc.ServeHTTP(0x4f7b788?, {0x4592580?, 0xc0000cc000?}, 0x4011925?)
	/Users/ryota-k/.goenv/versions/1.18.2/src/net/http/server.go:2084 +0x2f
net/http.(*ServeMux).ServeHTTP(0x0?, {0x4592580, 0xc0000cc000}, 0xc000250200)
	/Users/ryota-k/.goenv/versions/1.18.2/src/net/http/server.go:2462 +0x149
net/http.serverHandler.ServeHTTP({0xc00020abd0?}, {0x4592580, 0xc0000cc000}, 0xc000250200)
	/Users/ryota-k/.goenv/versions/1.18.2/src/net/http/server.go:2916 +0x43b
net/http.(*conn).serve(0xc0000c2000, {0x4592838, 0xc00011b560})
	/Users/ryota-k/.goenv/versions/1.18.2/src/net/http/server.go:1966 +0x5d7
created by net/http.(*Server).Serve
	/Users/ryota-k/.goenv/versions/1.18.2/src/net/http/server.go:3071 +0x4db
2022/06/03 20:03:07 server.go:3197: http: panic serving [::1]:57118: template: index.html:1: bad character U+0022 '"'
goroutine 8 [running]:
net/http.(*conn).serve.func1()
	/Users/ryota-k/.goenv/versions/1.18.2/src/net/http/server.go:1825 +0xbf
panic({0x449b500, 0xc00020e340})
	/Users/ryota-k/.goenv/versions/1.18.2/src/runtime/panic.go:844 +0x258
html/template.Must(...)
	/Users/ryota-k/.goenv/versions/1.18.2/src/html/template/template.go:374
github.com/RyotaKITA-12/goTodo.git/app/controllers.generateHTML({0x4592580?, 0xc0000cc0e0}, {0x448ba80, 0x458ed20}, {0xc00006a9f0?, 0x2, 0x0?})
	/Users/ryota-k/.goenv/versions/1.18.2/src/github.com/RyotaKITA-12/goTodo/app/controllers/server.go:24 +0x106
github.com/RyotaKITA-12/goTodo.git/app/controllers.index({0x4592580?, 0xc0000cc0e0?}, 0x0?)
	/Users/ryota-k/.goenv/versions/1.18.2/src/github.com/RyotaKITA-12/goTodo/app/controllers/route_main.go:8 +0x75
net/http.HandlerFunc.ServeHTTP(0x4f7b698?, {0x4592580?, 0xc0000cc0e0?}, 0x4011925?)
	/Users/ryota-k/.goenv/versions/1.18.2/src/net/http/server.go:2084 +0x2f
net/http.(*ServeMux).ServeHTTP(0x0?, {0x4592580, 0xc0000cc0e0}, 0xc0000b0100)
	/Users/ryota-k/.goenv/versions/1.18.2/src/net/http/server.go:2462 +0x149
net/http.serverHandler.ServeHTTP({0xc000090420?}, {0x4592580, 0xc0000cc0e0}, 0xc0000b0100)
	/Users/ryota-k/.goenv/versions/1.18.2/src/net/http/server.go:2916 +0x43b
net/http.(*conn).serve(0xc0000c20a0, {0x4592838, 0xc00011b560})
	/Users/ryota-k/.goenv/versions/1.18.2/src/net/http/server.go:1966 +0x5d7
created by net/http.(*Server).Serve
	/Users/ryota-k/.goenv/versions/1.18.2/src/net/http/server.go:3071 +0x4db
2022/06/03 20:03:07 server.go:3197: http: panic serving [::1]:57119: template: index.html:1: bad character U+0022 '"'
goroutine 42 [running]:
net/http.(*conn).serve.func1()
	/Users/ryota-k/.goenv/versions/1.18.2/src/net/http/server.go:1825 +0xbf
panic({0x449b500, 0xc00020e490})
	/Users/ryota-k/.goenv/versions/1.18.2/src/runtime/panic.go:844 +0x258
html/template.Must(...)
	/Users/ryota-k/.goenv/versions/1.18.2/src/html/template/template.go:374
github.com/RyotaKITA-12/goTodo.git/app/controllers.generateHTML({0x4592580?, 0xc00025a1c0}, {0x448ba80, 0x458ed20}, {0xc0002059f0?, 0x2, 0x0?})
	/Users/ryota-k/.goenv/versions/1.18.2/src/github.com/RyotaKITA-12/goTodo/app/controllers/server.go:24 +0x106
github.com/RyotaKITA-12/goTodo.git/app/controllers.index({0x4592580?, 0xc00025a1c0?}, 0x0?)
	/Users/ryota-k/.goenv/versions/1.18.2/src/github.com/RyotaKITA-12/goTodo/app/controllers/route_main.go:8 +0x75
net/http.HandlerFunc.ServeHTTP(0x4f7b698?, {0x4592580?, 0xc00025a1c0?}, 0x4011925?)
	/Users/ryota-k/.goenv/versions/1.18.2/src/net/http/server.go:2084 +0x2f
net/http.(*ServeMux).ServeHTTP(0x0?, {0x4592580, 0xc00025a1c0}, 0xc000250300)
	/Users/ryota-k/.goenv/versions/1.18.2/src/net/http/server.go:2462 +0x149
net/http.serverHandler.ServeHTTP({0xc00020ae70?}, {0x4592580, 0xc00025a1c0}, 0xc000250300)
	/Users/ryota-k/.goenv/versions/1.18.2/src/net/http/server.go:2916 +0x43b
net/http.(*conn).serve(0xc00024e0a0, {0x4592838, 0xc00011b560})
	/Users/ryota-k/.goenv/versions/1.18.2/src/net/http/server.go:1966 +0x5d7
created by net/http.(*Server).Serve
	/Users/ryota-k/.goenv/versions/1.18.2/src/net/http/server.go:3071 +0x4db
2022/06/03 20:03:10 server.go:3197: http: panic serving [::1]:57120: template: index.html:1: bad character U+0022 '"'
goroutine 46 [running]:
net/http.(*conn).serve.func1()
	/Users/ryota-k/.goenv/versions/1.18.2/src/net/http/server.go:1825 +0xbf
panic({0x449b500, 0xc0000124a0})
	/Users/ryota-k/.goenv/versions/1.18.2/src/runtime/panic.go:844 +0x258
html/template.Must(...)
	/Users/ryota-k/.goenv/versions/1.18.2/src/html/template/template.go:374
github.com/RyotaKITA-12/goTodo.git/app/controllers.generateHTML({0x4592580?, 0xc0000cc1c0}, {0x448ba80, 0x458ed20}, {0xc00006a9f0?, 0x2, 0x0?})
	/Users/ryota-k/.goenv/versions/1.18.2/src/github.com/RyotaKITA-12/goTodo/app/controllers/server.go:24 +0x106
github.com/RyotaKITA-12/goTodo.git/app/controllers.index({0x4592580?, 0xc0000cc1c0?}, 0x0?)
	/Users/ryota-k/.goenv/versions/1.18.2/src/github.com/RyotaKITA-12/goTodo/app/controllers/route_main.go:8 +0x75
net/http.HandlerFunc.ServeHTTP(0x4f7b698?, {0x4592580?, 0xc0000cc1c0?}, 0x4011925?)
	/Users/ryota-k/.goenv/versions/1.18.2/src/net/http/server.go:2084 +0x2f
net/http.(*ServeMux).ServeHTTP(0x0?, {0x4592580, 0xc0000cc1c0}, 0xc0000b0200)
	/Users/ryota-k/.goenv/versions/1.18.2/src/net/http/server.go:2462 +0x149
net/http.serverHandler.ServeHTTP({0xc000090cf0?}, {0x4592580, 0xc0000cc1c0}, 0xc0000b0200)
	/Users/ryota-k/.goenv/versions/1.18.2/src/net/http/server.go:2916 +0x43b
net/http.(*conn).serve(0xc00024e140, {0x4592838, 0xc00011b560})
	/Users/ryota-k/.goenv/versions/1.18.2/src/net/http/server.go:1966 +0x5d7
created by net/http.(*Server).Serve
	/Users/ryota-k/.goenv/versions/1.18.2/src/net/http/server.go:3071 +0x4db
2022/06/03 20:03:10 server.go:3197: http: panic serving [::1]:57121: template: index.html:1: bad character U+0022 '"'
goroutine 47 [running]:
net/http.(*conn).serve.func1()
	/Users/ryota-k/.goenv/versions/1.18.2/src/net/http/server.go:1825 +0xbf
panic({0x449b500, 0xc0000125e0})
	/Users/ryota-k/.goenv/versions/1.18.2/src/runtime/panic.go:844 +0x258
html/template.Must(...)
	/Users/ryota-k/.goenv/versions/1.18.2/src/html/template/template.go:374
github.com/RyotaKITA-12/goTodo.git/app/controllers.generateHTML({0x4592580?, 0xc0000cc2a0}, {0x448ba80, 0x458ed20}, {0xc0002059f0?, 0x2, 0x0?})
	/Users/ryota-k/.goenv/versions/1.18.2/src/github.com/RyotaKITA-12/goTodo/app/controllers/server.go:24 +0x106
github.com/RyotaKITA-12/goTodo.git/app/controllers.index({0x4592580?, 0xc0000cc2a0?}, 0x0?)
	/Users/ryota-k/.goenv/versions/1.18.2/src/github.com/RyotaKITA-12/goTodo/app/controllers/route_main.go:8 +0x75
net/http.HandlerFunc.ServeHTTP(0x4f7b788?, {0x4592580?, 0xc0000cc2a0?}, 0x4011925?)
	/Users/ryota-k/.goenv/versions/1.18.2/src/net/http/server.go:2084 +0x2f
net/http.(*ServeMux).ServeHTTP(0x0?, {0x4592580, 0xc0000cc2a0}, 0xc000250400)
	/Users/ryota-k/.goenv/versions/1.18.2/src/net/http/server.go:2462 +0x149
net/http.serverHandler.ServeHTTP({0xc00020b4a0?}, {0x4592580, 0xc0000cc2a0}, 0xc000250400)
	/Users/ryota-k/.goenv/versions/1.18.2/src/net/http/server.go:2916 +0x43b
net/http.(*conn).serve(0xc00024e1e0, {0x4592838, 0xc00011b560})
	/Users/ryota-k/.goenv/versions/1.18.2/src/net/http/server.go:1966 +0x5d7
created by net/http.(*Server).Serve
	/Users/ryota-k/.goenv/versions/1.18.2/src/net/http/server.go:3071 +0x4db
2022/06/03 20:03:10 server.go:3197: http: panic serving [::1]:57122: template: index.html:1: bad character U+0022 '"'
goroutine 69 [running]:
net/http.(*conn).serve.func1()
	/Users/ryota-k/.goenv/versions/1.18.2/src/net/http/server.go:1825 +0xbf
panic({0x449b500, 0xc000012730})
	/Users/ryota-k/.goenv/versions/1.18.2/src/runtime/panic.go:844 +0x258
html/template.Must(...)
	/Users/ryota-k/.goenv/versions/1.18.2/src/html/template/template.go:374
github.com/RyotaKITA-12/goTodo.git/app/controllers.generateHTML({0x4592580?, 0xc0000cc380}, {0x448ba80, 0x458ed20}, {0xc0002059f0?, 0x2, 0x0?})
	/Users/ryota-k/.goenv/versions/1.18.2/src/github.com/RyotaKITA-12/goTodo/app/controllers/server.go:24 +0x106
github.com/RyotaKITA-12/goTodo.git/app/controllers.index({0x4592580?, 0xc0000cc380?}, 0x0?)
	/Users/ryota-k/.goenv/versions/1.18.2/src/github.com/RyotaKITA-12/goTodo/app/controllers/route_main.go:8 +0x75
net/http.HandlerFunc.ServeHTTP(0x4f7b788?, {0x4592580?, 0xc0000cc380?}, 0x4011925?)
	/Users/ryota-k/.goenv/versions/1.18.2/src/net/http/server.go:2084 +0x2f
net/http.(*ServeMux).ServeHTTP(0x0?, {0x4592580, 0xc0000cc380}, 0xc0000b0300)
	/Users/ryota-k/.goenv/versions/1.18.2/src/net/http/server.go:2462 +0x149
net/http.serverHandler.ServeHTTP({0xc000091830?}, {0x4592580, 0xc0000cc380}, 0xc0000b0300)
	/Users/ryota-k/.goenv/versions/1.18.2/src/net/http/server.go:2916 +0x43b
net/http.(*conn).serve(0xc0000c2140, {0x4592838, 0xc00011b560})
	/Users/ryota-k/.goenv/versions/1.18.2/src/net/http/server.go:1966 +0x5d7
created by net/http.(*Server).Serve
	/Users/ryota-k/.goenv/versions/1.18.2/src/net/http/server.go:3071 +0x4db
2022/06/03 20:03:11 server.go:3197: http: panic serving [::1]:57123: template: index.html:1: bad character U+0022 '"'
goroutine 73 [running]:
net/http.(*conn).serve.func1()
	/Users/ryota-k/.goenv/versions/1.18.2/src/net/http/server.go:1825 +0xbf
panic({0x449b500, 0xc0000127e0})
	/Users/ryota-k/.goenv/versions/1.18.2/src/runtime/panic.go:844 +0x258
html/template.Must(...)
	/Users/ryota-k/.goenv/versions/1.18.2/src/html/template/template.go:374
github.com/RyotaKITA-12/goTodo.git/app/controllers.generateHTML({0x4592580?, 0xc00019c460}, {0x448ba80, 0x458ed20}, {0xc0000699f0?, 0x2, 0x0?})
	/Users/ryota-k/.goenv/versions/1.18.2/src/github.com/RyotaKITA-12/goTodo/app/controllers/server.go:24 +0x106
github.com/RyotaKITA-12/goTodo.git/app/controllers.index({0x4592580?, 0xc00019c460?}, 0x0?)
	/Users/ryota-k/.goenv/versions/1.18.2/src/github.com/RyotaKITA-12/goTodo/app/controllers/route_main.go:8 +0x75
net/http.HandlerFunc.ServeHTTP(0x4f7b788?, {0x4592580?, 0xc00019c460?}, 0x4011925?)
	/Users/ryota-k/.goenv/versions/1.18.2/src/net/http/server.go:2084 +0x2f
net/http.(*ServeMux).ServeHTTP(0x0?, {0x4592580, 0xc00019c460}, 0xc000194700)
	/Users/ryota-k/.goenv/versions/1.18.2/src/net/http/server.go:2462 +0x149
net/http.serverHandler.ServeHTTP({0xc0001d0b40?}, {0x4592580, 0xc00019c460}, 0xc000194700)
	/Users/ryota-k/.goenv/versions/1.18.2/src/net/http/server.go:2916 +0x43b
net/http.(*conn).serve(0xc0000c21e0, {0x4592838, 0xc00011b560})
	/Users/ryota-k/.goenv/versions/1.18.2/src/net/http/server.go:1966 +0x5d7
created by net/http.(*Server).Serve
	/Users/ryota-k/.goenv/versions/1.18.2/src/net/http/server.go:3071 +0x4db
2022/06/03 20:03:11 server.go:3197: http: panic serving [::1]:57124: template: index.html:1: bad character U+0022 '"'
goroutine 74 [running]:
net/http.(*conn).serve.func1()
	/Users/ryota-k/.goenv/versions/1.18.2/src/net/http/server.go:1825 +0xbf
panic({0x449b500, 0xc000012920})
	/Users/ryota-k/.goenv/versions/1.18.2/src/runtime/panic.go:844 +0x258
html/template.Must(...)
	/Users/ryota-k/.goenv/versions/1.18.2/src/html/template/template.go:374
github.com/RyotaKITA-12/goTodo.git/app/controllers.generateHTML({0x4592580?, 0xc0000cc460}, {0x448ba80, 0x458ed20}, {0xc0002059f0?, 0x2, 0x0?})
	/Users/ryota-k/.goenv/versions/1.18.2/src/github.com/RyotaKITA-12/goTodo/app/controllers/server.go:24 +0x106
github.com/RyotaKITA-12/goTodo.git/app/controllers.index({0x4592580?, 0xc0000cc460?}, 0x0?)
	/Users/ryota-k/.goenv/versions/1.18.2/src/github.com/RyotaKITA-12/goTodo/app/controllers/route_main.go:8 +0x75
net/http.HandlerFunc.ServeHTTP(0x4f7b698?, {0x4592580?, 0xc0000cc460?}, 0x4011925?)
	/Users/ryota-k/.goenv/versions/1.18.2/src/net/http/server.go:2084 +0x2f
net/http.(*ServeMux).ServeHTTP(0x0?, {0x4592580, 0xc0000cc460}, 0xc0000b0400)
	/Users/ryota-k/.goenv/versions/1.18.2/src/net/http/server.go:2462 +0x149
net/http.serverHandler.ServeHTTP({0xc000091e60?}, {0x4592580, 0xc0000cc460}, 0xc0000b0400)
	/Users/ryota-k/.goenv/versions/1.18.2/src/net/http/server.go:2916 +0x43b
net/http.(*conn).serve(0xc0000c2280, {0x4592838, 0xc00011b560})
	/Users/ryota-k/.goenv/versions/1.18.2/src/net/http/server.go:1966 +0x5d7
created by net/http.(*Server).Serve
	/Users/ryota-k/.goenv/versions/1.18.2/src/net/http/server.go:3071 +0x4db
2022/06/03 20:03:11 server.go:3197: http: panic serving [::1]:57125: template: index.html:1: bad character U+0022 '"'
goroutine 79 [running]:
net/http.(*conn).serve.func1()
	/Users/ryota-k/.goenv/versions/1.18.2/src/net/http/server.go:1825 +0xbf
panic({0x449b500, 0xc000119540})
	/Users/ryota-k/.goenv/versions/1.18.2/src/runtime/panic.go:844 +0x258
html/template.Must(...)
	/Users/ryota-k/.goenv/versions/1.18.2/src/html/template/template.go:374
github.com/RyotaKITA-12/goTodo.git/app/controllers.generateHTML({0x4592580?, 0xc0000cc540}, {0x448ba80, 0x458ed20}, {0xc0002059f0?, 0x2, 0x0?})
	/Users/ryota-k/.goenv/versions/1.18.2/src/github.com/RyotaKITA-12/goTodo/app/controllers/server.go:24 +0x106
github.com/RyotaKITA-12/goTodo.git/app/controllers.index({0x4592580?, 0xc0000cc540?}, 0x0?)
	/Users/ryota-k/.goenv/versions/1.18.2/src/github.com/RyotaKITA-12/goTodo/app/controllers/route_main.go:8 +0x75
net/http.HandlerFunc.ServeHTTP(0x4f7b698?, {0x4592580?, 0xc0000cc540?}, 0x4011925?)
	/Users/ryota-k/.goenv/versions/1.18.2/src/net/http/server.go:2084 +0x2f
net/http.(*ServeMux).ServeHTTP(0x0?, {0x4592580, 0xc0000cc540}, 0xc0000b0500)
	/Users/ryota-k/.goenv/versions/1.18.2/src/net/http/server.go:2462 +0x149
net/http.serverHandler.ServeHTTP({0xc0000fc5a0?}, {0x4592580, 0xc0000cc540}, 0xc0000b0500)
	/Users/ryota-k/.goenv/versions/1.18.2/src/net/http/server.go:2916 +0x43b
net/http.(*conn).serve(0xc0000c2320, {0x4592838, 0xc00011b560})
	/Users/ryota-k/.goenv/versions/1.18.2/src/net/http/server.go:1966 +0x5d7
created by net/http.(*Server).Serve
	/Users/ryota-k/.goenv/versions/1.18.2/src/net/http/server.go:3071 +0x4db
2022/06/03 20:03:11 server.go:3197: http: panic serving [::1]:57126: template: index.html:1: bad character U+0022 '"'
goroutine 54 [running]:
net/http.(*conn).serve.func1()
	/Users/ryota-k/.goenv/versions/1.18.2/src/net/http/server.go:1825 +0xbf
panic({0x449b500, 0xc00020e610})
	/Users/ryota-k/.goenv/versions/1.18.2/src/runtime/panic.go:844 +0x258
html/template.Must(...)
	/Users/ryota-k/.goenv/versions/1.18.2/src/html/template/template.go:374
github.com/RyotaKITA-12/goTodo.git/app/controllers.generateHTML({0x4592580?, 0xc00025a2a0}, {0x448ba80, 0x458ed20}, {0xc0002069f0?, 0x2, 0x0?})
	/Users/ryota-k/.goenv/versions/1.18.2/src/github.com/RyotaKITA-12/goTodo/app/controllers/server.go:24 +0x106
github.com/RyotaKITA-12/goTodo.git/app/controllers.index({0x4592580?, 0xc00025a2a0?}, 0x0?)
	/Users/ryota-k/.goenv/versions/1.18.2/src/github.com/RyotaKITA-12/goTodo/app/controllers/route_main.go:8 +0x75
net/http.HandlerFunc.ServeHTTP(0x4f7b698?, {0x4592580?, 0xc00025a2a0?}, 0x4011925?)
	/Users/ryota-k/.goenv/versions/1.18.2/src/net/http/server.go:2084 +0x2f
net/http.(*ServeMux).ServeHTTP(0x0?, {0x4592580, 0xc00025a2a0}, 0xc000250500)
	/Users/ryota-k/.goenv/versions/1.18.2/src/net/http/server.go:2462 +0x149
net/http.serverHandler.ServeHTTP({0xc00020b5c0?}, {0x4592580, 0xc00025a2a0}, 0xc000250500)
	/Users/ryota-k/.goenv/versions/1.18.2/src/net/http/server.go:2916 +0x43b
net/http.(*conn).serve(0xc000137720, {0x4592838, 0xc00011b560})
	/Users/ryota-k/.goenv/versions/1.18.2/src/net/http/server.go:1966 +0x5d7
created by net/http.(*Server).Serve
	/Users/ryota-k/.goenv/versions/1.18.2/src/net/http/server.go:3071 +0x4db
2022/06/03 20:03:11 server.go:3197: http: panic serving [::1]:57127: template: index.html:1: bad character U+0022 '"'
goroutine 55 [running]:
net/http.(*conn).serve.func1()
	/Users/ryota-k/.goenv/versions/1.18.2/src/net/http/server.go:1825 +0xbf
panic({0x449b500, 0xc00020e750})
	/Users/ryota-k/.goenv/versions/1.18.2/src/runtime/panic.go:844 +0x258
html/template.Must(...)
	/Users/ryota-k/.goenv/versions/1.18.2/src/html/template/template.go:374
github.com/RyotaKITA-12/goTodo.git/app/controllers.generateHTML({0x4592580?, 0xc00025a380}, {0x448ba80, 0x458ed20}, {0xc0000699f0?, 0x2, 0x0?})
	/Users/ryota-k/.goenv/versions/1.18.2/src/github.com/RyotaKITA-12/goTodo/app/controllers/server.go:24 +0x106
github.com/RyotaKITA-12/goTodo.git/app/controllers.index({0x4592580?, 0xc00025a380?}, 0x0?)
	/Users/ryota-k/.goenv/versions/1.18.2/src/github.com/RyotaKITA-12/goTodo/app/controllers/route_main.go:8 +0x75
net/http.HandlerFunc.ServeHTTP(0x4f7b788?, {0x4592580?, 0xc00025a380?}, 0x4011925?)
	/Users/ryota-k/.goenv/versions/1.18.2/src/net/http/server.go:2084 +0x2f
net/http.(*ServeMux).ServeHTTP(0x0?, {0x4592580, 0xc00025a380}, 0xc000194900)
	/Users/ryota-k/.goenv/versions/1.18.2/src/net/http/server.go:2462 +0x149
net/http.serverHandler.ServeHTTP({0xc0001d10b0?}, {0x4592580, 0xc00025a380}, 0xc000194900)
	/Users/ryota-k/.goenv/versions/1.18.2/src/net/http/server.go:2916 +0x43b
net/http.(*conn).serve(0xc0001377c0, {0x4592838, 0xc00011b560})
	/Users/ryota-k/.goenv/versions/1.18.2/src/net/http/server.go:1966 +0x5d7
created by net/http.(*Server).Serve
	/Users/ryota-k/.goenv/versions/1.18.2/src/net/http/server.go:3071 +0x4db
2022/06/03 20:03:11 server.go:3197: http: panic serving [::1]:57128: template: index.html:1: bad character U+0022 '"'
goroutine 56 [running]:
net/http.(*conn).serve.func1()
	/Users/ryota-k/.goenv/versions/1.18.2/src/net/http/server.go:1825 +0xbf
panic({0x449b500, 0xc00020e7f0})
	/Users/ryota-k/.goenv/versions/1.18.2/src/runtime/panic.go:844 +0x258
html/template.Must(...)
	/Users/ryota-k/.goenv/versions/1.18.2/src/html/template/template.go:374
github.com/RyotaKITA-12/goTodo.git/app/controllers.generateHTML({0x4592580?, 0xc00019c540}, {0x448ba80, 0x458ed20}, {0xc0000649f0?, 0x2, 0x0?})
	/Users/ryota-k/.goenv/versions/1.18.2/src/github.com/RyotaKITA-12/goTodo/app/controllers/server.go:24 +0x106
github.com/RyotaKITA-12/goTodo.git/app/controllers.index({0x4592580?, 0xc00019c540?}, 0x0?)
	/Users/ryota-k/.goenv/versions/1.18.2/src/github.com/RyotaKITA-12/goTodo/app/controllers/route_main.go:8 +0x75
net/http.HandlerFunc.ServeHTTP(0x4f7b788?, {0x4592580?, 0xc00019c540?}, 0x4011925?)
	/Users/ryota-k/.goenv/versions/1.18.2/src/net/http/server.go:2084 +0x2f
net/http.(*ServeMux).ServeHTTP(0x0?, {0x4592580, 0xc00019c540}, 0xc000194a00)
	/Users/ryota-k/.goenv/versions/1.18.2/src/net/http/server.go:2462 +0x149
net/http.serverHandler.ServeHTTP({0xc0001d1170?}, {0x4592580, 0xc00019c540}, 0xc000194a00)
	/Users/ryota-k/.goenv/versions/1.18.2/src/net/http/server.go:2916 +0x43b
net/http.(*conn).serve(0xc000137860, {0x4592838, 0xc00011b560})
	/Users/ryota-k/.goenv/versions/1.18.2/src/net/http/server.go:1966 +0x5d7
created by net/http.(*Server).Serve
	/Users/ryota-k/.goenv/versions/1.18.2/src/net/http/server.go:3071 +0x4db
2022/06/03 20:03:11 server.go:3197: http: panic serving [::1]:57129: template: index.html:1: bad character U+0022 '"'
goroutine 87 [running]:
net/http.(*conn).serve.func1()
	/Users/ryota-k/.goenv/versions/1.18.2/src/net/http/server.go:1825 +0xbf
panic({0x449b500, 0xc0001196c0})
	/Users/ryota-k/.goenv/versions/1.18.2/src/runtime/panic.go:844 +0x258
html/template.Must(...)
	/Users/ryota-k/.goenv/versions/1.18.2/src/html/template/template.go:374
github.com/RyotaKITA-12/goTodo.git/app/controllers.generateHTML({0x4592580?, 0xc0000cc620}, {0x448ba80, 0x458ed20}, {0xc0002059f0?, 0x2, 0x0?})
	/Users/ryota-k/.goenv/versions/1.18.2/src/github.com/RyotaKITA-12/goTodo/app/controllers/server.go:24 +0x106
github.com/RyotaKITA-12/goTodo.git/app/controllers.index({0x4592580?, 0xc0000cc620?}, 0x0?)
	/Users/ryota-k/.goenv/versions/1.18.2/src/github.com/RyotaKITA-12/goTodo/app/controllers/route_main.go:8 +0x75
net/http.HandlerFunc.ServeHTTP(0x4f7b788?, {0x4592580?, 0xc0000cc620?}, 0x4011925?)
	/Users/ryota-k/.goenv/versions/1.18.2/src/net/http/server.go:2084 +0x2f
net/http.(*ServeMux).ServeHTTP(0x0?, {0x4592580, 0xc0000cc620}, 0xc0000b0600)
	/Users/ryota-k/.goenv/versions/1.18.2/src/net/http/server.go:2462 +0x149
net/http.serverHandler.ServeHTTP({0xc0000fc9c0?}, {0x4592580, 0xc0000cc620}, 0xc0000b0600)
	/Users/ryota-k/.goenv/versions/1.18.2/src/net/http/server.go:2916 +0x43b
net/http.(*conn).serve(0xc00024e280, {0x4592838, 0xc00011b560})
	/Users/ryota-k/.goenv/versions/1.18.2/src/net/http/server.go:1966 +0x5d7
created by net/http.(*Server).Serve
	/Users/ryota-k/.goenv/versions/1.18.2/src/net/http/server.go:3071 +0x4db
2022/06/03 20:03:11 server.go:3197: http: panic serving [::1]:57130: template: index.html:1: bad character U+0022 '"'
goroutine 88 [running]:
net/http.(*conn).serve.func1()
	/Users/ryota-k/.goenv/versions/1.18.2/src/net/http/server.go:1825 +0xbf
panic({0x449b500, 0xc000119800})
	/Users/ryota-k/.goenv/versions/1.18.2/src/runtime/panic.go:844 +0x258
html/template.Must(...)
	/Users/ryota-k/.goenv/versions/1.18.2/src/html/template/template.go:374
github.com/RyotaKITA-12/goTodo.git/app/controllers.generateHTML({0x4592580?, 0xc00019c620}, {0x448ba80, 0x458ed20}, {0xc0000699f0?, 0x2, 0x0?})
	/Users/ryota-k/.goenv/versions/1.18.2/src/github.com/RyotaKITA-12/goTodo/app/controllers/server.go:24 +0x106
github.com/RyotaKITA-12/goTodo.git/app/controllers.index({0x4592580?, 0xc00019c620?}, 0x0?)
	/Users/ryota-k/.goenv/versions/1.18.2/src/github.com/RyotaKITA-12/goTodo/app/controllers/route_main.go:8 +0x75
net/http.HandlerFunc.ServeHTTP(0x4f7b698?, {0x4592580?, 0xc00019c620?}, 0x4011925?)
	/Users/ryota-k/.goenv/versions/1.18.2/src/net/http/server.go:2084 +0x2f
net/http.(*ServeMux).ServeHTTP(0x0?, {0x4592580, 0xc00019c620}, 0xc000250600)
	/Users/ryota-k/.goenv/versions/1.18.2/src/net/http/server.go:2462 +0x149
net/http.serverHandler.ServeHTTP({0xc000278360?}, {0x4592580, 0xc00019c620}, 0xc000250600)
	/Users/ryota-k/.goenv/versions/1.18.2/src/net/http/server.go:2916 +0x43b
net/http.(*conn).serve(0xc00024e320, {0x4592838, 0xc00011b560})
	/Users/ryota-k/.goenv/versions/1.18.2/src/net/http/server.go:1966 +0x5d7
created by net/http.(*Server).Serve
	/Users/ryota-k/.goenv/versions/1.18.2/src/net/http/server.go:3071 +0x4db
2022/06/03 20:03:11 server.go:3197: http: panic serving [::1]:57131: template: index.html:1: bad character U+0022 '"'
goroutine 63 [running]:
net/http.(*conn).serve.func1()
	/Users/ryota-k/.goenv/versions/1.18.2/src/net/http/server.go:1825 +0xbf
panic({0x449b500, 0xc000119950})
	/Users/ryota-k/.goenv/versions/1.18.2/src/runtime/panic.go:844 +0x258
html/template.Must(...)
	/Users/ryota-k/.goenv/versions/1.18.2/src/html/template/template.go:374
github.com/RyotaKITA-12/goTodo.git/app/controllers.generateHTML({0x4592580?, 0xc00019c700}, {0x448ba80, 0x458ed20}, {0xc0000699f0?, 0x2, 0x0?})
	/Users/ryota-k/.goenv/versions/1.18.2/src/github.com/RyotaKITA-12/goTodo/app/controllers/server.go:24 +0x106
github.com/RyotaKITA-12/goTodo.git/app/controllers.index({0x4592580?, 0xc00019c700?}, 0x0?)
	/Users/ryota-k/.goenv/versions/1.18.2/src/github.com/RyotaKITA-12/goTodo/app/controllers/route_main.go:8 +0x75
net/http.HandlerFunc.ServeHTTP(0x4f7b698?, {0x4592580?, 0xc00019c700?}, 0x4011925?)
	/Users/ryota-k/.goenv/versions/1.18.2/src/net/http/server.go:2084 +0x2f
net/http.(*ServeMux).ServeHTTP(0x0?, {0x4592580, 0xc00019c700}, 0xc000194b00)
	/Users/ryota-k/.goenv/versions/1.18.2/src/net/http/server.go:2462 +0x149
net/http.serverHandler.ServeHTTP({0xc0001d1ce0?}, {0x4592580, 0xc00019c700}, 0xc000194b00)
	/Users/ryota-k/.goenv/versions/1.18.2/src/net/http/server.go:2916 +0x43b
net/http.(*conn).serve(0xc000137900, {0x4592838, 0xc00011b560})
	/Users/ryota-k/.goenv/versions/1.18.2/src/net/http/server.go:1966 +0x5d7
created by net/http.(*Server).Serve
	/Users/ryota-k/.goenv/versions/1.18.2/src/net/http/server.go:3071 +0x4db
2022/06/03 20:03:12 server.go:3197: http: panic serving [::1]:57132: template: index.html:1: bad character U+0022 '"'
goroutine 115 [running]:
net/http.(*conn).serve.func1()
	/Users/ryota-k/.goenv/versions/1.18.2/src/net/http/server.go:1825 +0xbf
panic({0x449b500, 0xc000119a20})
	/Users/ryota-k/.goenv/versions/1.18.2/src/runtime/panic.go:844 +0x258
html/template.Must(...)
	/Users/ryota-k/.goenv/versions/1.18.2/src/html/template/template.go:374
github.com/RyotaKITA-12/goTodo.git/app/controllers.generateHTML({0x4592580?, 0xc00025a460}, {0x448ba80, 0x458ed20}, {0xc0002069f0?, 0x2, 0x0?})
	/Users/ryota-k/.goenv/versions/1.18.2/src/github.com/RyotaKITA-12/goTodo/app/controllers/server.go:24 +0x106
github.com/RyotaKITA-12/goTodo.git/app/controllers.index({0x4592580?, 0xc00025a460?}, 0x0?)
	/Users/ryota-k/.goenv/versions/1.18.2/src/github.com/RyotaKITA-12/goTodo/app/controllers/route_main.go:8 +0x75
net/http.HandlerFunc.ServeHTTP(0x4f7b698?, {0x4592580?, 0xc00025a460?}, 0x4011925?)
	/Users/ryota-k/.goenv/versions/1.18.2/src/net/http/server.go:2084 +0x2f
net/http.(*ServeMux).ServeHTTP(0x0?, {0x4592580, 0xc00025a460}, 0xc000250700)
	/Users/ryota-k/.goenv/versions/1.18.2/src/net/http/server.go:2462 +0x149
net/http.serverHandler.ServeHTTP({0xc0002783c0?}, {0x4592580, 0xc00025a460}, 0xc000250700)
	/Users/ryota-k/.goenv/versions/1.18.2/src/net/http/server.go:2916 +0x43b
net/http.(*conn).serve(0xc0001379a0, {0x4592838, 0xc00011b560})
	/Users/ryota-k/.goenv/versions/1.18.2/src/net/http/server.go:1966 +0x5d7
created by net/http.(*Server).Serve
	/Users/ryota-k/.goenv/versions/1.18.2/src/net/http/server.go:3071 +0x4db
2022/06/03 20:03:12 server.go:3197: http: panic serving [::1]:57133: template: index.html:1: bad character U+0022 '"'
goroutine 116 [running]:
net/http.(*conn).serve.func1()
	/Users/ryota-k/.goenv/versions/1.18.2/src/net/http/server.go:1825 +0xbf
panic({0x449b500, 0xc00020e930})
	/Users/ryota-k/.goenv/versions/1.18.2/src/runtime/panic.go:844 +0x258
html/template.Must(...)
	/Users/ryota-k/.goenv/versions/1.18.2/src/html/template/template.go:374
github.com/RyotaKITA-12/goTodo.git/app/controllers.generateHTML({0x4592580?, 0xc00019c7e0}, {0x448ba80, 0x458ed20}, {0xc0000699f0?, 0x2, 0x0?})
	/Users/ryota-k/.goenv/versions/1.18.2/src/github.com/RyotaKITA-12/goTodo/app/controllers/server.go:24 +0x106
github.com/RyotaKITA-12/goTodo.git/app/controllers.index({0x4592580?, 0xc00019c7e0?}, 0x0?)
	/Users/ryota-k/.goenv/versions/1.18.2/src/github.com/RyotaKITA-12/goTodo/app/controllers/route_main.go:8 +0x75
net/http.HandlerFunc.ServeHTTP(0x4f7b788?, {0x4592580?, 0xc00019c7e0?}, 0x4011925?)
	/Users/ryota-k/.goenv/versions/1.18.2/src/net/http/server.go:2084 +0x2f
net/http.(*ServeMux).ServeHTTP(0x0?, {0x4592580, 0xc00019c7e0}, 0xc000194c00)
	/Users/ryota-k/.goenv/versions/1.18.2/src/net/http/server.go:2462 +0x149
net/http.serverHandler.ServeHTTP({0xc000354330?}, {0x4592580, 0xc00019c7e0}, 0xc000194c00)
	/Users/ryota-k/.goenv/versions/1.18.2/src/net/http/server.go:2916 +0x43b
net/http.(*conn).serve(0xc000137a40, {0x4592838, 0xc00011b560})
	/Users/ryota-k/.goenv/versions/1.18.2/src/net/http/server.go:1966 +0x5d7
created by net/http.(*Server).Serve
	/Users/ryota-k/.goenv/versions/1.18.2/src/net/http/server.go:3071 +0x4db
2022/06/03 20:03:12 server.go:3197: http: panic serving [::1]:57134: template: index.html:1: bad character U+0022 '"'
goroutine 92 [running]:
net/http.(*conn).serve.func1()
	/Users/ryota-k/.goenv/versions/1.18.2/src/net/http/server.go:1825 +0xbf
panic({0x449b500, 0xc00020ea80})
	/Users/ryota-k/.goenv/versions/1.18.2/src/runtime/panic.go:844 +0x258
html/template.Must(...)
	/Users/ryota-k/.goenv/versions/1.18.2/src/html/template/template.go:374
github.com/RyotaKITA-12/goTodo.git/app/controllers.generateHTML({0x4592580?, 0xc00025a540}, {0x448ba80, 0x458ed20}, {0xc0002069f0?, 0x2, 0x0?})
	/Users/ryota-k/.goenv/versions/1.18.2/src/github.com/RyotaKITA-12/goTodo/app/controllers/server.go:24 +0x106
github.com/RyotaKITA-12/goTodo.git/app/controllers.index({0x4592580?, 0xc00025a540?}, 0x0?)
	/Users/ryota-k/.goenv/versions/1.18.2/src/github.com/RyotaKITA-12/goTodo/app/controllers/route_main.go:8 +0x75
net/http.HandlerFunc.ServeHTTP(0x4f7b788?, {0x4592580?, 0xc00025a540?}, 0x4011925?)
	/Users/ryota-k/.goenv/versions/1.18.2/src/net/http/server.go:2084 +0x2f
net/http.(*ServeMux).ServeHTTP(0x0?, {0x4592580, 0xc00025a540}, 0xc000250800)
	/Users/ryota-k/.goenv/versions/1.18.2/src/net/http/server.go:2462 +0x149
net/http.serverHandler.ServeHTTP({0xc000278900?}, {0x4592580, 0xc00025a540}, 0xc000250800)
	/Users/ryota-k/.goenv/versions/1.18.2/src/net/http/server.go:2916 +0x43b
net/http.(*conn).serve(0xc00024e3c0, {0x4592838, 0xc00011b560})
	/Users/ryota-k/.goenv/versions/1.18.2/src/net/http/server.go:1966 +0x5d7
created by net/http.(*Server).Serve
	/Users/ryota-k/.goenv/versions/1.18.2/src/net/http/server.go:3071 +0x4db
2022/06/03 23:12:11 main.go:20: no such column: id
2022/06/03 23:13:41 main.go:20: no such column: id
2022/06/03 23:21:47 main.go:20: no such column: id
2022/06/04 02:11:52 route_auth.go:38: sql: expected 6 destination arguments in Scan, not 5
2022/06/04 02:11:52 server.go:3197: http: superfluous response.WriteHeader call from github.com/RyotaKITA-12/goTodo.git/app/controllers.authenticate (route_auth.go:55)
2022/06/04 02:11:59 route_auth.go:38: sql: expected 6 destination arguments in Scan, not 5
2022/06/04 02:11:59 server.go:3197: http: superfluous response.WriteHeader call from github.com/RyotaKITA-12/goTodo.git/app/controllers.authenticate (route_auth.go:55)
2022/06/04 02:12:03 route_auth.go:38: sql: expected 6 destination arguments in Scan, not 5
2022/06/04 02:12:03 server.go:3197: http: superfluous response.WriteHeader call from github.com/RyotaKITA-12/goTodo.git/app/controllers.authenticate (route_auth.go:55)
2022/06/04 02:12:10 route_auth.go:38: sql: expected 6 destination arguments in Scan, not 5
2022/06/04 02:12:10 server.go:3197: http: superfluous response.WriteHeader call from github.com/RyotaKITA-12/goTodo.git/app/controllers.authenticate (route_auth.go:55)
2022/06/04 02:12:17 route_auth.go:38: sql: expected 6 destination arguments in Scan, not 5
2022/06/04 02:12:17 server.go:3197: http: superfluous response.WriteHeader call from github.com/RyotaKITA-12/goTodo.git/app/controllers.authenticate (route_auth.go:55)
2022/06/04 02:12:50 route_auth.go:38: sql: expected 6 destination arguments in Scan, not 5
2022/06/04 02:12:50 server.go:3197: http: superfluous response.WriteHeader call from github.com/RyotaKITA-12/goTodo.git/app/controllers.authenticate (route_auth.go:55)
2022/06/04 02:12:59 route_auth.go:38: sql: expected 6 destination arguments in Scan, not 5
2022/06/04 02:12:59 server.go:3197: http: superfluous response.WriteHeader call from github.com/RyotaKITA-12/goTodo.git/app/controllers.authenticate (route_auth.go:55)
2022/06/04 02:39:23 server.go:3197: http: panic serving [::1]:62847: open app/views/templates/index.html: no such file or directory
goroutine 7 [running]:
net/http.(*conn).serve.func1()
	/Users/ryota-k/.goenv/versions/1.18.2/src/net/http/server.go:1825 +0xbf
panic({0x44b19e0, 0xc000097d10})
	/Users/ryota-k/.goenv/versions/1.18.2/src/runtime/panic.go:844 +0x258
html/template.Must(...)
	/Users/ryota-k/.goenv/versions/1.18.2/src/html/template/template.go:374
github.com/RyotaKITA-12/goTodo.git/app/controllers.generateHTML({0x45975a0?, 0xc0000fc0e0}, {0x448f560, 0x4593d30}, {0xc0000b19e0?, 0x3, 0x0?})
	/Users/ryota-k/.goenv/versions/1.18.2/src/github.com/RyotaKITA-12/goTodo/app/controllers/server.go:17 +0x106
github.com/RyotaKITA-12/goTodo.git/app/controllers.index({0x45975a0?, 0xc0000fc0e0?}, 0x0?)
	/Users/ryota-k/.goenv/versions/1.18.2/src/github.com/RyotaKITA-12/goTodo/app/controllers/route_main.go:8 +0x97
net/http.HandlerFunc.ServeHTTP(0x4fb9008?, {0x45975a0?, 0xc0000fc0e0?}, 0x4011865?)
	/Users/ryota-k/.goenv/versions/1.18.2/src/net/http/server.go:2084 +0x2f
net/http.(*ServeMux).ServeHTTP(0x0?, {0x45975a0, 0xc0000fc0e0}, 0xc0000f0100)
	/Users/ryota-k/.goenv/versions/1.18.2/src/net/http/server.go:2462 +0x149
net/http.serverHandler.ServeHTTP({0xc000097680?}, {0x45975a0, 0xc0000fc0e0}, 0xc0000f0100)
	/Users/ryota-k/.goenv/versions/1.18.2/src/net/http/server.go:2916 +0x43b
net/http.(*conn).serve(0xc0000a7400, {0x4597858, 0xc000097590})
	/Users/ryota-k/.goenv/versions/1.18.2/src/net/http/server.go:1966 +0x5d7
created by net/http.(*Server).Serve
	/Users/ryota-k/.goenv/versions/1.18.2/src/net/http/server.go:3071 +0x4db
2022/06/04 02:39:24 server.go:3197: http: panic serving [::1]:62848: open app/views/templates/index.html: no such file or directory
goroutine 11 [running]:
net/http.(*conn).serve.func1()
	/Users/ryota-k/.goenv/versions/1.18.2/src/net/http/server.go:1825 +0xbf
panic({0x44b19e0, 0xc0001ac480})
	/Users/ryota-k/.goenv/versions/1.18.2/src/runtime/panic.go:844 +0x258
html/template.Must(...)
	/Users/ryota-k/.goenv/versions/1.18.2/src/html/template/template.go:374
github.com/RyotaKITA-12/goTodo.git/app/controllers.generateHTML({0x45975a0?, 0xc0000fc1c0}, {0x448f560, 0x4593d30}, {0xc0000659e0?, 0x3, 0x0?})
	/Users/ryota-k/.goenv/versions/1.18.2/src/github.com/RyotaKITA-12/goTodo/app/controllers/server.go:17 +0x106
github.com/RyotaKITA-12/goTodo.git/app/controllers.index({0x45975a0?, 0xc0000fc1c0?}, 0x0?)
	/Users/ryota-k/.goenv/versions/1.18.2/src/github.com/RyotaKITA-12/goTodo/app/controllers/route_main.go:8 +0x97
net/http.HandlerFunc.ServeHTTP(0x4fb9008?, {0x45975a0?, 0xc0000fc1c0?}, 0x4011865?)
	/Users/ryota-k/.goenv/versions/1.18.2/src/net/http/server.go:2084 +0x2f
net/http.(*ServeMux).ServeHTTP(0x0?, {0x45975a0, 0xc0000fc1c0}, 0xc00011c000)
	/Users/ryota-k/.goenv/versions/1.18.2/src/net/http/server.go:2462 +0x149
net/http.serverHandler.ServeHTTP({0xc000114030?}, {0x45975a0, 0xc0000fc1c0}, 0xc00011c000)
	/Users/ryota-k/.goenv/versions/1.18.2/src/net/http/server.go:2916 +0x43b
net/http.(*conn).serve(0xc0000a74a0, {0x4597858, 0xc000097590})
	/Users/ryota-k/.goenv/versions/1.18.2/src/net/http/server.go:1966 +0x5d7
created by net/http.(*Server).Serve
	/Users/ryota-k/.goenv/versions/1.18.2/src/net/http/server.go:3071 +0x4db
2022/06/04 02:39:24 server.go:3197: http: panic serving [::1]:62849: open app/views/templates/index.html: no such file or directory
goroutine 12 [running]:
net/http.(*conn).serve.func1()
	/Users/ryota-k/.goenv/versions/1.18.2/src/net/http/server.go:1825 +0xbf
panic({0x44b19e0, 0xc0001ac720})
	/Users/ryota-k/.goenv/versions/1.18.2/src/runtime/panic.go:844 +0x258
html/template.Must(...)
	/Users/ryota-k/.goenv/versions/1.18.2/src/html/template/template.go:374
github.com/RyotaKITA-12/goTodo.git/app/controllers.generateHTML({0x45975a0?, 0xc0000fc2a0}, {0x448f560, 0x4593d30}, {0xc0000699e0?, 0x3, 0x0?})
	/Users/ryota-k/.goenv/versions/1.18.2/src/github.com/RyotaKITA-12/goTodo/app/controllers/server.go:17 +0x106
github.com/RyotaKITA-12/goTodo.git/app/controllers.index({0x45975a0?, 0xc0000fc2a0?}, 0x0?)
	/Users/ryota-k/.goenv/versions/1.18.2/src/github.com/RyotaKITA-12/goTodo/app/controllers/route_main.go:8 +0x97
net/http.HandlerFunc.ServeHTTP(0x4fb8f18?, {0x45975a0?, 0xc0000fc2a0?}, 0x4011865?)
	/Users/ryota-k/.goenv/versions/1.18.2/src/net/http/server.go:2084 +0x2f
net/http.(*ServeMux).ServeHTTP(0x0?, {0x45975a0, 0xc0000fc2a0}, 0xc0000f0200)
	/Users/ryota-k/.goenv/versions/1.18.2/src/net/http/server.go:2462 +0x149
net/http.serverHandler.ServeHTTP({0xc000097e30?}, {0x45975a0, 0xc0000fc2a0}, 0xc0000f0200)
	/Users/ryota-k/.goenv/versions/1.18.2/src/net/http/server.go:2916 +0x43b
net/http.(*conn).serve(0xc0000a7540, {0x4597858, 0xc000097590})
	/Users/ryota-k/.goenv/versions/1.18.2/src/net/http/server.go:1966 +0x5d7
created by net/http.(*Server).Serve
	/Users/ryota-k/.goenv/versions/1.18.2/src/net/http/server.go:3071 +0x4db
2022/06/04 02:39:24 server.go:3197: http: panic serving [::1]:62850: open app/views/templates/index.html: no such file or directory
goroutine 35 [running]:
net/http.(*conn).serve.func1()
	/Users/ryota-k/.goenv/versions/1.18.2/src/net/http/server.go:1825 +0xbf
panic({0x44b19e0, 0xc0002085d0})
	/Users/ryota-k/.goenv/versions/1.18.2/src/runtime/panic.go:844 +0x258
html/template.Must(...)
	/Users/ryota-k/.goenv/versions/1.18.2/src/html/template/template.go:374
github.com/RyotaKITA-12/goTodo.git/app/controllers.generateHTML({0x45975a0?, 0xc0000fc380}, {0x448f560, 0x4593d30}, {0xc0000659e0?, 0x3, 0x0?})
	/Users/ryota-k/.goenv/versions/1.18.2/src/github.com/RyotaKITA-12/goTodo/app/controllers/server.go:17 +0x106
github.com/RyotaKITA-12/goTodo.git/app/controllers.index({0x45975a0?, 0xc0000fc380?}, 0x0?)
	/Users/ryota-k/.goenv/versions/1.18.2/src/github.com/RyotaKITA-12/goTodo/app/controllers/route_main.go:8 +0x97
net/http.HandlerFunc.ServeHTTP(0x4fb8f18?, {0x45975a0?, 0xc0000fc380?}, 0x4011865?)
	/Users/ryota-k/.goenv/versions/1.18.2/src/net/http/server.go:2084 +0x2f
net/http.(*ServeMux).ServeHTTP(0x0?, {0x45975a0, 0xc0000fc380}, 0xc0000f0500)
	/Users/ryota-k/.goenv/versions/1.18.2/src/net/http/server.go:2462 +0x149
net/http.serverHandler.ServeHTTP({0xc0001ac840?}, {0x45975a0, 0xc0000fc380}, 0xc0000f0500)
	/Users/ryota-k/.goenv/versions/1.18.2/src/net/http/server.go:2916 +0x43b
net/http.(*conn).serve(0xc0000a75e0, {0x4597858, 0xc000097590})
	/Users/ryota-k/.goenv/versions/1.18.2/src/net/http/server.go:1966 +0x5d7
created by net/http.(*Server).Serve
	/Users/ryota-k/.goenv/versions/1.18.2/src/net/http/server.go:3071 +0x4db
2022/06/04 02:39:25 server.go:3197: http: panic serving [::1]:62851: open app/views/templates/index.html: no such file or directory
goroutine 20 [running]:
net/http.(*conn).serve.func1()
	/Users/ryota-k/.goenv/versions/1.18.2/src/net/http/server.go:1825 +0xbf
panic({0x44b19e0, 0xc0001acfc0})
	/Users/ryota-k/.goenv/versions/1.18.2/src/runtime/panic.go:844 +0x258
html/template.Must(...)
	/Users/ryota-k/.goenv/versions/1.18.2/src/html/template/template.go:374
github.com/RyotaKITA-12/goTodo.git/app/controllers.generateHTML({0x45975a0?, 0xc000266000}, {0x448f560, 0x4593d30}, {0xc0000659e0?, 0x3, 0x0?})
	/Users/ryota-k/.goenv/versions/1.18.2/src/github.com/RyotaKITA-12/goTodo/app/controllers/server.go:17 +0x106
github.com/RyotaKITA-12/goTodo.git/app/controllers.index({0x45975a0?, 0xc000266000?}, 0x0?)
	/Users/ryota-k/.goenv/versions/1.18.2/src/github.com/RyotaKITA-12/goTodo/app/controllers/route_main.go:8 +0x97
net/http.HandlerFunc.ServeHTTP(0x4fb8f18?, {0x45975a0?, 0xc000266000?}, 0x4011865?)
	/Users/ryota-k/.goenv/versions/1.18.2/src/net/http/server.go:2084 +0x2f
net/http.(*ServeMux).ServeHTTP(0x0?, {0x45975a0, 0xc000266000}, 0xc0000f0700)
	/Users/ryota-k/.goenv/versions/1.18.2/src/net/http/server.go:2462 +0x149
net/http.serverHandler.ServeHTTP({0xc0001acc90?}, {0x45975a0, 0xc000266000}, 0xc0000f0700)
	/Users/ryota-k/.goenv/versions/1.18.2/src/net/http/server.go:2916 +0x43b
net/http.(*conn).serve(0xc00025a000, {0x4597858, 0xc000097590})
	/Users/ryota-k/.goenv/versions/1.18.2/src/net/http/server.go:1966 +0x5d7
created by net/http.(*Server).Serve
	/Users/ryota-k/.goenv/versions/1.18.2/src/net/http/server.go:3071 +0x4db
2022/06/04 02:39:25 server.go:3197: http: panic serving [::1]:62852: open app/views/templates/index.html: no such file or directory
goroutine 21 [running]:
net/http.(*conn).serve.func1()
	/Users/ryota-k/.goenv/versions/1.18.2/src/net/http/server.go:1825 +0xbf
panic({0x44b19e0, 0xc0001142a0})
	/Users/ryota-k/.goenv/versions/1.18.2/src/runtime/panic.go:844 +0x258
html/template.Must(...)
	/Users/ryota-k/.goenv/versions/1.18.2/src/html/template/template.go:374
github.com/RyotaKITA-12/goTodo.git/app/controllers.generateHTML({0x45975a0?, 0xc0000fc460}, {0x448f560, 0x4593d30}, {0xc0000699e0?, 0x3, 0x0?})
	/Users/ryota-k/.goenv/versions/1.18.2/src/github.com/RyotaKITA-12/goTodo/app/controllers/server.go:17 +0x106
github.com/RyotaKITA-12/goTodo.git/app/controllers.index({0x45975a0?, 0xc0000fc460?}, 0x0?)
	/Users/ryota-k/.goenv/versions/1.18.2/src/github.com/RyotaKITA-12/goTodo/app/controllers/route_main.go:8 +0x97
net/http.HandlerFunc.ServeHTTP(0x4fb9008?, {0x45975a0?, 0xc0000fc460?}, 0x4011865?)
	/Users/ryota-k/.goenv/versions/1.18.2/src/net/http/server.go:2084 +0x2f
net/http.(*ServeMux).ServeHTTP(0x0?, {0x45975a0, 0xc0000fc460}, 0xc00025c000)
	/Users/ryota-k/.goenv/versions/1.18.2/src/net/http/server.go:2462 +0x149
net/http.serverHandler.ServeHTTP({0xc0002086f0?}, {0x45975a0, 0xc0000fc460}, 0xc00025c000)
	/Users/ryota-k/.goenv/versions/1.18.2/src/net/http/server.go:2916 +0x43b
net/http.(*conn).serve(0xc00025a0a0, {0x4597858, 0xc000097590})
	/Users/ryota-k/.goenv/versions/1.18.2/src/net/http/server.go:1966 +0x5d7
created by net/http.(*Server).Serve
	/Users/ryota-k/.goenv/versions/1.18.2/src/net/http/server.go:3071 +0x4db
2022/06/04 02:39:25 server.go:3197: http: panic serving [::1]:62853: open app/views/templates/index.html: no such file or directory
goroutine 51 [running]:
net/http.(*conn).serve.func1()
	/Users/ryota-k/.goenv/versions/1.18.2/src/net/http/server.go:1825 +0xbf
panic({0x44b19e0, 0xc0001149c0})
	/Users/ryota-k/.goenv/versions/1.18.2/src/runtime/panic.go:844 +0x258
html/template.Must(...)
	/Users/ryota-k/.goenv/versions/1.18.2/src/html/template/template.go:374
github.com/RyotaKITA-12/goTodo.git/app/controllers.generateHTML({0x45975a0?, 0xc000160000}, {0x448f560, 0x4593d30}, {0xc0000669e0?, 0x3, 0x0?})
	/Users/ryota-k/.goenv/versions/1.18.2/src/github.com/RyotaKITA-12/goTodo/app/controllers/server.go:17 +0x106
github.com/RyotaKITA-12/goTodo.git/app/controllers.index({0x45975a0?, 0xc000160000?}, 0x0?)
	/Users/ryota-k/.goenv/versions/1.18.2/src/github.com/RyotaKITA-12/goTodo/app/controllers/route_main.go:8 +0x97
net/http.HandlerFunc.ServeHTTP(0x4fb9008?, {0x45975a0?, 0xc000160000?}, 0x4011865?)
	/Users/ryota-k/.goenv/versions/1.18.2/src/net/http/server.go:2084 +0x2f
net/http.(*ServeMux).ServeHTTP(0x0?, {0x45975a0, 0xc000160000}, 0xc00011c100)
	/Users/ryota-k/.goenv/versions/1.18.2/src/net/http/server.go:2462 +0x149
net/http.serverHandler.ServeHTTP({0xc000114360?}, {0x45975a0, 0xc000160000}, 0xc00011c100)
	/Users/ryota-k/.goenv/versions/1.18.2/src/net/http/server.go:2916 +0x43b
net/http.(*conn).serve(0xc000154000, {0x4597858, 0xc000097590})
	/Users/ryota-k/.goenv/versions/1.18.2/src/net/http/server.go:1966 +0x5d7
created by net/http.(*Server).Serve
	/Users/ryota-k/.goenv/versions/1.18.2/src/net/http/server.go:3071 +0x4db
2022/06/04 02:39:30 server.go:3197: http: panic serving [::1]:62854: open app/views/templates/index.html: no such file or directory
goroutine 55 [running]:
net/http.(*conn).serve.func1()
	/Users/ryota-k/.goenv/versions/1.18.2/src/net/http/server.go:1825 +0xbf
panic({0x44b19e0, 0xc000115110})
	/Users/ryota-k/.goenv/versions/1.18.2/src/runtime/panic.go:844 +0x258
html/template.Must(...)
	/Users/ryota-k/.goenv/versions/1.18.2/src/html/template/template.go:374
github.com/RyotaKITA-12/goTodo.git/app/controllers.generateHTML({0x45975a0?, 0xc0001600e0}, {0x448f560, 0x4593d30}, {0xc0000699e0?, 0x3, 0x0?})
	/Users/ryota-k/.goenv/versions/1.18.2/src/github.com/RyotaKITA-12/goTodo/app/controllers/server.go:17 +0x106
github.com/RyotaKITA-12/goTodo.git/app/controllers.index({0x45975a0?, 0xc0001600e0?}, 0x0?)
	/Users/ryota-k/.goenv/versions/1.18.2/src/github.com/RyotaKITA-12/goTodo/app/controllers/route_main.go:8 +0x97
net/http.HandlerFunc.ServeHTTP(0x4fb9008?, {0x45975a0?, 0xc0001600e0?}, 0x4011865?)
	/Users/ryota-k/.goenv/versions/1.18.2/src/net/http/server.go:2084 +0x2f
net/http.(*ServeMux).ServeHTTP(0x0?, {0x45975a0, 0xc0001600e0}, 0xc0000f0800)
	/Users/ryota-k/.goenv/versions/1.18.2/src/net/http/server.go:2462 +0x149
net/http.serverHandler.ServeHTTP({0xc0001ad410?}, {0x45975a0, 0xc0001600e0}, 0xc0000f0800)
	/Users/ryota-k/.goenv/versions/1.18.2/src/net/http/server.go:2916 +0x43b
net/http.(*conn).serve(0xc0001540a0, {0x4597858, 0xc000097590})
	/Users/ryota-k/.goenv/versions/1.18.2/src/net/http/server.go:1966 +0x5d7
created by net/http.(*Server).Serve
	/Users/ryota-k/.goenv/versions/1.18.2/src/net/http/server.go:3071 +0x4db
2022/06/04 02:39:30 server.go:3197: http: panic serving [::1]:62855: open app/views/templates/index.html: no such file or directory
goroutine 56 [running]:
net/http.(*conn).serve.func1()
	/Users/ryota-k/.goenv/versions/1.18.2/src/net/http/server.go:1825 +0xbf
panic({0x44b19e0, 0xc000208c90})
	/Users/ryota-k/.goenv/versions/1.18.2/src/runtime/panic.go:844 +0x258
html/template.Must(...)
	/Users/ryota-k/.goenv/versions/1.18.2/src/html/template/template.go:374
github.com/RyotaKITA-12/goTodo.git/app/controllers.generateHTML({0x45975a0?, 0xc0001601c0}, {0x448f560, 0x4593d30}, {0xc0000669e0?, 0x3, 0x0?})
	/Users/ryota-k/.goenv/versions/1.18.2/src/github.com/RyotaKITA-12/goTodo/app/controllers/server.go:17 +0x106
github.com/RyotaKITA-12/goTodo.git/app/controllers.index({0x45975a0?, 0xc0001601c0?}, 0x0?)
	/Users/ryota-k/.goenv/versions/1.18.2/src/github.com/RyotaKITA-12/goTodo/app/controllers/route_main.go:8 +0x97
net/http.HandlerFunc.ServeHTTP(0x4fb8f18?, {0x45975a0?, 0xc0001601c0?}, 0x4011865?)
	/Users/ryota-k/.goenv/versions/1.18.2/src/net/http/server.go:2084 +0x2f
net/http.(*ServeMux).ServeHTTP(0x0?, {0x45975a0, 0xc0001601c0}, 0xc00011c200)
	/Users/ryota-k/.goenv/versions/1.18.2/src/net/http/server.go:2462 +0x149
net/http.serverHandler.ServeHTTP({0xc000114ae0?}, {0x45975a0, 0xc0001601c0}, 0xc00011c200)
	/Users/ryota-k/.goenv/versions/1.18.2/src/net/http/server.go:2916 +0x43b
net/http.(*conn).serve(0xc000154140, {0x4597858, 0xc000097590})
	/Users/ryota-k/.goenv/versions/1.18.2/src/net/http/server.go:1966 +0x5d7
created by net/http.(*Server).Serve
	/Users/ryota-k/.goenv/versions/1.18.2/src/net/http/server.go:3071 +0x4db
2022/06/04 02:39:30 server.go:3197: http: panic serving [::1]:62856: open app/views/templates/index.html: no such file or directory
goroutine 25 [running]:
net/http.(*conn).serve.func1()
	/Users/ryota-k/.goenv/versions/1.18.2/src/net/http/server.go:1825 +0xbf
panic({0x44b19e0, 0xc0001ad710})
	/Users/ryota-k/.goenv/versions/1.18.2/src/runtime/panic.go:844 +0x258
html/template.Must(...)
	/Users/ryota-k/.goenv/versions/1.18.2/src/html/template/template.go:374
github.com/RyotaKITA-12/goTodo.git/app/controllers.generateHTML({0x45975a0?, 0xc0002660e0}, {0x448f560, 0x4593d30}, {0xc0000659e0?, 0x3, 0x0?})
	/Users/ryota-k/.goenv/versions/1.18.2/src/github.com/RyotaKITA-12/goTodo/app/controllers/server.go:17 +0x106
github.com/RyotaKITA-12/goTodo.git/app/controllers.index({0x45975a0?, 0xc0002660e0?}, 0x0?)
	/Users/ryota-k/.goenv/versions/1.18.2/src/github.com/RyotaKITA-12/goTodo/app/controllers/route_main.go:8 +0x97
net/http.HandlerFunc.ServeHTTP(0x4fb8f18?, {0x45975a0?, 0xc0002660e0?}, 0x4011865?)
	/Users/ryota-k/.goenv/versions/1.18.2/src/net/http/server.go:2084 +0x2f
net/http.(*ServeMux).ServeHTTP(0x0?, {0x45975a0, 0xc0002660e0}, 0xc00025c100)
	/Users/ryota-k/.goenv/versions/1.18.2/src/net/http/server.go:2462 +0x149
net/http.serverHandler.ServeHTTP({0xc000208d50?}, {0x45975a0, 0xc0002660e0}, 0xc00025c100)
	/Users/ryota-k/.goenv/versions/1.18.2/src/net/http/server.go:2916 +0x43b
net/http.(*conn).serve(0xc00025a140, {0x4597858, 0xc000097590})
	/Users/ryota-k/.goenv/versions/1.18.2/src/net/http/server.go:1966 +0x5d7
created by net/http.(*Server).Serve
	/Users/ryota-k/.goenv/versions/1.18.2/src/net/http/server.go:3071 +0x4db
2022/06/04 02:40:00 server.go:3197: http: panic serving [::1]:62857: open app/views/templates/index.html: no such file or directory
goroutine 42 [running]:
net/http.(*conn).serve.func1()
	/Users/ryota-k/.goenv/versions/1.18.2/src/net/http/server.go:1825 +0xbf
panic({0x44b19e0, 0xc0002092c0})
	/Users/ryota-k/.goenv/versions/1.18.2/src/runtime/panic.go:844 +0x258
html/template.Must(...)
	/Users/ryota-k/.goenv/versions/1.18.2/src/html/template/template.go:374
github.com/RyotaKITA-12/goTodo.git/app/controllers.generateHTML({0x45975a0?, 0xc0001602a0}, {0x448f560, 0x4593d30}, {0xc0000669e0?, 0x3, 0x0?})
	/Users/ryota-k/.goenv/versions/1.18.2/src/github.com/RyotaKITA-12/goTodo/app/controllers/server.go:17 +0x106
github.com/RyotaKITA-12/goTodo.git/app/controllers.index({0x45975a0?, 0xc0001602a0?}, 0x0?)
	/Users/ryota-k/.goenv/versions/1.18.2/src/github.com/RyotaKITA-12/goTodo/app/controllers/route_main.go:8 +0x97
net/http.HandlerFunc.ServeHTTP(0x4fb8f18?, {0x45975a0?, 0xc0001602a0?}, 0x4011865?)
	/Users/ryota-k/.goenv/versions/1.18.2/src/net/http/server.go:2084 +0x2f
net/http.(*ServeMux).ServeHTTP(0x0?, {0x45975a0, 0xc0001602a0}, 0xc00011c300)
	/Users/ryota-k/.goenv/versions/1.18.2/src/net/http/server.go:2462 +0x149
net/http.serverHandler.ServeHTTP({0xc000115530?}, {0x45975a0, 0xc0001602a0}, 0xc00011c300)
	/Users/ryota-k/.goenv/versions/1.18.2/src/net/http/server.go:2916 +0x43b
net/http.(*conn).serve(0xc0000a7680, {0x4597858, 0xc000097590})
	/Users/ryota-k/.goenv/versions/1.18.2/src/net/http/server.go:1966 +0x5d7
created by net/http.(*Server).Serve
	/Users/ryota-k/.goenv/versions/1.18.2/src/net/http/server.go:3071 +0x4db
2022/06/04 02:40:00 server.go:3197: http: panic serving [::1]:62858: open app/views/templates/index.html: no such file or directory
goroutine 62 [running]:
net/http.(*conn).serve.func1()
	/Users/ryota-k/.goenv/versions/1.18.2/src/net/http/server.go:1825 +0xbf
panic({0x44b19e0, 0xc0001adaa0})
	/Users/ryota-k/.goenv/versions/1.18.2/src/runtime/panic.go:844 +0x258
html/template.Must(...)
	/Users/ryota-k/.goenv/versions/1.18.2/src/html/template/template.go:374
github.com/RyotaKITA-12/goTodo.git/app/controllers.generateHTML({0x45975a0?, 0xc0002661c0}, {0x448f560, 0x4593d30}, {0xc0000699e0?, 0x3, 0x0?})
	/Users/ryota-k/.goenv/versions/1.18.2/src/github.com/RyotaKITA-12/goTodo/app/controllers/server.go:17 +0x106
github.com/RyotaKITA-12/goTodo.git/app/controllers.index({0x45975a0?, 0xc0002661c0?}, 0x0?)
	/Users/ryota-k/.goenv/versions/1.18.2/src/github.com/RyotaKITA-12/goTodo/app/controllers/route_main.go:8 +0x97
net/http.HandlerFunc.ServeHTTP(0x4fb9008?, {0x45975a0?, 0xc0002661c0?}, 0x4011865?)
	/Users/ryota-k/.goenv/versions/1.18.2/src/net/http/server.go:2084 +0x2f
net/http.(*ServeMux).ServeHTTP(0x0?, {0x45975a0, 0xc0002661c0}, 0xc00011c400)
	/Users/ryota-k/.goenv/versions/1.18.2/src/net/http/server.go:2462 +0x149
net/http.serverHandler.ServeHTTP({0xc0001155f0?}, {0x45975a0, 0xc0002661c0}, 0xc00011c400)
	/Users/ryota-k/.goenv/versions/1.18.2/src/net/http/server.go:2916 +0x43b
net/http.(*conn).serve(0xc0001541e0, {0x4597858, 0xc000097590})
	/Users/ryota-k/.goenv/versions/1.18.2/src/net/http/server.go:1966 +0x5d7
created by net/http.(*Server).Serve
	/Users/ryota-k/.goenv/versions/1.18.2/src/net/http/server.go:3071 +0x4db
2022/06/04 02:40:00 server.go:3197: http: panic serving [::1]:62859: open app/views/templates/index.html: no such file or directory
goroutine 44 [running]:
net/http.(*conn).serve.func1()
	/Users/ryota-k/.goenv/versions/1.18.2/src/net/http/server.go:1825 +0xbf
panic({0x44b19e0, 0xc000115c20})
	/Users/ryota-k/.goenv/versions/1.18.2/src/runtime/panic.go:844 +0x258
html/template.Must(...)
	/Users/ryota-k/.goenv/versions/1.18.2/src/html/template/template.go:374
github.com/RyotaKITA-12/goTodo.git/app/controllers.generateHTML({0x45975a0?, 0xc0000fc540}, {0x448f560, 0x4593d30}, {0xc00006a9e0?, 0x3, 0x0?})
	/Users/ryota-k/.goenv/versions/1.18.2/src/github.com/RyotaKITA-12/goTodo/app/controllers/server.go:17 +0x106
github.com/RyotaKITA-12/goTodo.git/app/controllers.index({0x45975a0?, 0xc0000fc540?}, 0x0?)
	/Users/ryota-k/.goenv/versions/1.18.2/src/github.com/RyotaKITA-12/goTodo/app/controllers/route_main.go:8 +0x97
net/http.HandlerFunc.ServeHTTP(0x4fb9008?, {0x45975a0?, 0xc0000fc540?}, 0x4011865?)
	/Users/ryota-k/.goenv/versions/1.18.2/src/net/http/server.go:2084 +0x2f
net/http.(*ServeMux).ServeHTTP(0x0?, {0x45975a0, 0xc0000fc540}, 0xc0000f0900)
	/Users/ryota-k/.goenv/versions/1.18.2/src/net/http/server.go:2462 +0x149
net/http.serverHandler.ServeHTTP({0xc0001adb60?}, {0x45975a0, 0xc0000fc540}, 0xc0000f0900)
	/Users/ryota-k/.goenv/versions/1.18.2/src/net/http/server.go:2916 +0x43b
net/http.(*conn).serve(0xc0000a7720, {0x4597858, 0xc000097590})
	/Users/ryota-k/.goenv/versions/1.18.2/src/net/http/server.go:1966 +0x5d7
created by net/http.(*Server).Serve
	/Users/ryota-k/.goenv/versions/1.18.2/src/net/http/server.go:3071 +0x4db
2022/06/04 02:40:20 server.go:3197: http: panic serving [::1]:62863: open app/views/templates/index.html: no such file or directory
goroutine 20 [running]:
net/http.(*conn).serve.func1()
	/Users/ryota-k/.goenv/versions/1.18.2/src/net/http/server.go:1825 +0xbf
panic({0x44b19e0, 0xc000093da0})
	/Users/ryota-k/.goenv/versions/1.18.2/src/runtime/panic.go:844 +0x258
html/template.Must(...)
	/Users/ryota-k/.goenv/versions/1.18.2/src/html/template/template.go:374
github.com/RyotaKITA-12/goTodo.git/app/controllers.generateHTML({0x45975a0?, 0xc0001940e0}, {0x448f560, 0x4593d30}, {0xc0002099e0?, 0x3, 0x0?})
	/Users/ryota-k/.goenv/versions/1.18.2/src/github.com/RyotaKITA-12/goTodo/app/controllers/server.go:17 +0x106
github.com/RyotaKITA-12/goTodo.git/app/controllers.index({0x45975a0?, 0xc0001940e0?}, 0x0?)
	/Users/ryota-k/.goenv/versions/1.18.2/src/github.com/RyotaKITA-12/goTodo/app/controllers/route_main.go:8 +0x97
net/http.HandlerFunc.ServeHTTP(0x4e7b788?, {0x45975a0?, 0xc0001940e0?}, 0x4011865?)
	/Users/ryota-k/.goenv/versions/1.18.2/src/net/http/server.go:2084 +0x2f
net/http.(*ServeMux).ServeHTTP(0x0?, {0x45975a0, 0xc0001940e0}, 0xc000186200)
	/Users/ryota-k/.goenv/versions/1.18.2/src/net/http/server.go:2462 +0x149
net/http.serverHandler.ServeHTTP({0xc00020e030?}, {0x45975a0, 0xc0001940e0}, 0xc000186200)
	/Users/ryota-k/.goenv/versions/1.18.2/src/net/http/server.go:2916 +0x43b
net/http.(*conn).serve(0xc0000b1360, {0x4597858, 0xc000093590})
	/Users/ryota-k/.goenv/versions/1.18.2/src/net/http/server.go:1966 +0x5d7
created by net/http.(*Server).Serve
	/Users/ryota-k/.goenv/versions/1.18.2/src/net/http/server.go:3071 +0x4db
2022/06/04 02:40:20 server.go:3197: http: panic serving [::1]:62864: open app/views/templates/index.html: no such file or directory
goroutine 21 [running]:
net/http.(*conn).serve.func1()
	/Users/ryota-k/.goenv/versions/1.18.2/src/net/http/server.go:1825 +0xbf
panic({0x44b19e0, 0xc0001c0420})
	/Users/ryota-k/.goenv/versions/1.18.2/src/runtime/panic.go:844 +0x258
html/template.Must(...)
	/Users/ryota-k/.goenv/versions/1.18.2/src/html/template/template.go:374
github.com/RyotaKITA-12/goTodo.git/app/controllers.generateHTML({0x45975a0?, 0xc0001941c0}, {0x448f560, 0x4593d30}, {0xc0000bb9e0?, 0x3, 0x0?})
	/Users/ryota-k/.goenv/versions/1.18.2/src/github.com/RyotaKITA-12/goTodo/app/controllers/server.go:17 +0x106
github.com/RyotaKITA-12/goTodo.git/app/controllers.index({0x45975a0?, 0xc0001941c0?}, 0x0?)
	/Users/ryota-k/.goenv/versions/1.18.2/src/github.com/RyotaKITA-12/goTodo/app/controllers/route_main.go:8 +0x97
net/http.HandlerFunc.ServeHTTP(0x4e7b698?, {0x45975a0?, 0xc0001941c0?}, 0x4011865?)
	/Users/ryota-k/.goenv/versions/1.18.2/src/net/http/server.go:2084 +0x2f
net/http.(*ServeMux).ServeHTTP(0x0?, {0x45975a0, 0xc0001941c0}, 0xc000186100)
	/Users/ryota-k/.goenv/versions/1.18.2/src/net/http/server.go:2462 +0x149
net/http.serverHandler.ServeHTTP({0xc0000936e0?}, {0x45975a0, 0xc0001941c0}, 0xc000186100)
	/Users/ryota-k/.goenv/versions/1.18.2/src/net/http/server.go:2916 +0x43b
net/http.(*conn).serve(0xc0000b1400, {0x4597858, 0xc000093590})
	/Users/ryota-k/.goenv/versions/1.18.2/src/net/http/server.go:1966 +0x5d7
created by net/http.(*Server).Serve
	/Users/ryota-k/.goenv/versions/1.18.2/src/net/http/server.go:3071 +0x4db
2022/06/04 02:40:20 server.go:3197: http: panic serving [::1]:62865: open app/views/templates/index.html: no such file or directory
goroutine 28 [running]:
net/http.(*conn).serve.func1()
	/Users/ryota-k/.goenv/versions/1.18.2/src/net/http/server.go:1825 +0xbf
panic({0x44b19e0, 0xc000116210})
	/Users/ryota-k/.goenv/versions/1.18.2/src/runtime/panic.go:844 +0x258
html/template.Must(...)
	/Users/ryota-k/.goenv/versions/1.18.2/src/html/template/template.go:374
github.com/RyotaKITA-12/goTodo.git/app/controllers.generateHTML({0x45975a0?, 0xc0001942a0}, {0x448f560, 0x4593d30}, {0xc0002099e0?, 0x3, 0x0?})
	/Users/ryota-k/.goenv/versions/1.18.2/src/github.com/RyotaKITA-12/goTodo/app/controllers/server.go:17 +0x106
github.com/RyotaKITA-12/goTodo.git/app/controllers.index({0x45975a0?, 0xc0001942a0?}, 0x0?)
	/Users/ryota-k/.goenv/versions/1.18.2/src/github.com/RyotaKITA-12/goTodo/app/controllers/route_main.go:8 +0x97
net/http.HandlerFunc.ServeHTTP(0x4e7b698?, {0x45975a0?, 0xc0001942a0?}, 0x4011865?)
	/Users/ryota-k/.goenv/versions/1.18.2/src/net/http/server.go:2084 +0x2f
net/http.(*ServeMux).ServeHTTP(0x0?, {0x45975a0, 0xc0001942a0}, 0xc000186300)
	/Users/ryota-k/.goenv/versions/1.18.2/src/net/http/server.go:2462 +0x149
net/http.serverHandler.ServeHTTP({0xc0001c0540?}, {0x45975a0, 0xc0001942a0}, 0xc000186300)
	/Users/ryota-k/.goenv/versions/1.18.2/src/net/http/server.go:2916 +0x43b
net/http.(*conn).serve(0xc0000b14a0, {0x4597858, 0xc000093590})
	/Users/ryota-k/.goenv/versions/1.18.2/src/net/http/server.go:1966 +0x5d7
created by net/http.(*Server).Serve
	/Users/ryota-k/.goenv/versions/1.18.2/src/net/http/server.go:3071 +0x4db
2022/06/04 02:40:22 server.go:3197: http: panic serving [::1]:62866: open app/views/templates/index.html: no such file or directory
goroutine 6 [running]:
net/http.(*conn).serve.func1()
	/Users/ryota-k/.goenv/versions/1.18.2/src/net/http/server.go:1825 +0xbf
panic({0x44b19e0, 0xc000116960})
	/Users/ryota-k/.goenv/versions/1.18.2/src/runtime/panic.go:844 +0x258
html/template.Must(...)
	/Users/ryota-k/.goenv/versions/1.18.2/src/html/template/template.go:374
github.com/RyotaKITA-12/goTodo.git/app/controllers.generateHTML({0x45975a0?, 0xc000146000}, {0x448f560, 0x4593d30}, {0xc0002099e0?, 0x3, 0x0?})
	/Users/ryota-k/.goenv/versions/1.18.2/src/github.com/RyotaKITA-12/goTodo/app/controllers/server.go:17 +0x106
github.com/RyotaKITA-12/goTodo.git/app/controllers.index({0x45975a0?, 0xc000146000?}, 0x0?)
	/Users/ryota-k/.goenv/versions/1.18.2/src/github.com/RyotaKITA-12/goTodo/app/controllers/route_main.go:8 +0x97
net/http.HandlerFunc.ServeHTTP(0x4e7b698?, {0x45975a0?, 0xc000146000?}, 0x4011865?)
	/Users/ryota-k/.goenv/versions/1.18.2/src/net/http/server.go:2084 +0x2f
net/http.(*ServeMux).ServeHTTP(0x0?, {0x45975a0, 0xc000146000}, 0xc000186400)
	/Users/ryota-k/.goenv/versions/1.18.2/src/net/http/server.go:2462 +0x149
net/http.serverHandler.ServeHTTP({0xc0001c0990?}, {0x45975a0, 0xc000146000}, 0xc000186400)
	/Users/ryota-k/.goenv/versions/1.18.2/src/net/http/server.go:2916 +0x43b
net/http.(*conn).serve(0xc00013c000, {0x4597858, 0xc000093590})
	/Users/ryota-k/.goenv/versions/1.18.2/src/net/http/server.go:1966 +0x5d7
created by net/http.(*Server).Serve
	/Users/ryota-k/.goenv/versions/1.18.2/src/net/http/server.go:3071 +0x4db
2022/06/04 02:40:22 server.go:3197: http: panic serving [::1]:62867: open app/views/templates/index.html: no such file or directory
goroutine 7 [running]:
net/http.(*conn).serve.func1()
	/Users/ryota-k/.goenv/versions/1.18.2/src/net/http/server.go:1825 +0xbf
panic({0x44b19e0, 0xc00020e270})
	/Users/ryota-k/.goenv/versions/1.18.2/src/runtime/panic.go:844 +0x258
html/template.Must(...)
	/Users/ryota-k/.goenv/versions/1.18.2/src/html/template/template.go:374
github.com/RyotaKITA-12/goTodo.git/app/controllers.generateHTML({0x45975a0?, 0xc0001460e0}, {0x448f560, 0x4593d30}, {0xc0000699e0?, 0x3, 0x0?})
	/Users/ryota-k/.goenv/versions/1.18.2/src/github.com/RyotaKITA-12/goTodo/app/controllers/server.go:17 +0x106
github.com/RyotaKITA-12/goTodo.git/app/controllers.index({0x45975a0?, 0xc0001460e0?}, 0x0?)
	/Users/ryota-k/.goenv/versions/1.18.2/src/github.com/RyotaKITA-12/goTodo/app/controllers/route_main.go:8 +0x97
net/http.HandlerFunc.ServeHTTP(0x4e7b788?, {0x45975a0?, 0xc0001460e0?}, 0x4011865?)
	/Users/ryota-k/.goenv/versions/1.18.2/src/net/http/server.go:2084 +0x2f
net/http.(*ServeMux).ServeHTTP(0x0?, {0x45975a0, 0xc0001460e0}, 0xc00013e000)
	/Users/ryota-k/.goenv/versions/1.18.2/src/net/http/server.go:2462 +0x149
net/http.serverHandler.ServeHTTP({0xc000116330?}, {0x45975a0, 0xc0001460e0}, 0xc00013e000)
	/Users/ryota-k/.goenv/versions/1.18.2/src/net/http/server.go:2916 +0x43b
net/http.(*conn).serve(0xc00013c0a0, {0x4597858, 0xc000093590})
	/Users/ryota-k/.goenv/versions/1.18.2/src/net/http/server.go:1966 +0x5d7
created by net/http.(*Server).Serve
	/Users/ryota-k/.goenv/versions/1.18.2/src/net/http/server.go:3071 +0x4db
2022/06/04 02:40:22 server.go:3197: http: panic serving [::1]:62868: open app/views/templates/index.html: no such file or directory
goroutine 35 [running]:
net/http.(*conn).serve.func1()
	/Users/ryota-k/.goenv/versions/1.18.2/src/net/http/server.go:1825 +0xbf
panic({0x44b19e0, 0xc00020e960})
	/Users/ryota-k/.goenv/versions/1.18.2/src/runtime/panic.go:844 +0x258
html/template.Must(...)
	/Users/ryota-k/.goenv/versions/1.18.2/src/html/template/template.go:374
github.com/RyotaKITA-12/goTodo.git/app/controllers.generateHTML({0x45975a0?, 0xc00025e000}, {0x448f560, 0x4593d30}, {0xc00020a9e0?, 0x3, 0x0?})
	/Users/ryota-k/.goenv/versions/1.18.2/src/github.com/RyotaKITA-12/goTodo/app/controllers/server.go:17 +0x106
github.com/RyotaKITA-12/goTodo.git/app/controllers.index({0x45975a0?, 0xc00025e000?}, 0x0?)
	/Users/ryota-k/.goenv/versions/1.18.2/src/github.com/RyotaKITA-12/goTodo/app/controllers/route_main.go:8 +0x97
net/http.HandlerFunc.ServeHTTP(0x4e7b788?, {0x45975a0?, 0xc00025e000?}, 0x4011865?)
	/Users/ryota-k/.goenv/versions/1.18.2/src/net/http/server.go:2084 +0x2f
net/http.(*ServeMux).ServeHTTP(0x0?, {0x45975a0, 0xc00025e000}, 0xc000252000)
	/Users/ryota-k/.goenv/versions/1.18.2/src/net/http/server.go:2462 +0x149
net/http.serverHandler.ServeHTTP({0xc00020e330?}, {0x45975a0, 0xc00025e000}, 0xc000252000)
	/Users/ryota-k/.goenv/versions/1.18.2/src/net/http/server.go:2916 +0x43b
net/http.(*conn).serve(0xc000250000, {0x4597858, 0xc000093590})
	/Users/ryota-k/.goenv/versions/1.18.2/src/net/http/server.go:1966 +0x5d7
created by net/http.(*Server).Serve
	/Users/ryota-k/.goenv/versions/1.18.2/src/net/http/server.go:3071 +0x4db
2022/06/04 02:40:23 server.go:3197: http: panic serving [::1]:62869: open app/views/templates/index.html: no such file or directory
goroutine 39 [running]:
net/http.(*conn).serve.func1()
	/Users/ryota-k/.goenv/versions/1.18.2/src/net/http/server.go:1825 +0xbf
panic({0x44b19e0, 0xc000117410})
	/Users/ryota-k/.goenv/versions/1.18.2/src/runtime/panic.go:844 +0x258
html/template.Must(...)
	/Users/ryota-k/.goenv/versions/1.18.2/src/html/template/template.go:374
github.com/RyotaKITA-12/goTodo.git/app/controllers.generateHTML({0x45975a0?, 0xc0001461c0}, {0x448f560, 0x4593d30}, {0xc0000699e0?, 0x3, 0x0?})
	/Users/ryota-k/.goenv/versions/1.18.2/src/github.com/RyotaKITA-12/goTodo/app/controllers/server.go:17 +0x106
github.com/RyotaKITA-12/goTodo.git/app/controllers.index({0x45975a0?, 0xc0001461c0?}, 0x0?)
	/Users/ryota-k/.goenv/versions/1.18.2/src/github.com/RyotaKITA-12/goTodo/app/controllers/route_main.go:8 +0x97
net/http.HandlerFunc.ServeHTTP(0x4e7b788?, {0x45975a0?, 0xc0001461c0?}, 0x4011865?)
	/Users/ryota-k/.goenv/versions/1.18.2/src/net/http/server.go:2084 +0x2f
net/http.(*ServeMux).ServeHTTP(0x0?, {0x45975a0, 0xc0001461c0}, 0xc00013e100)
	/Users/ryota-k/.goenv/versions/1.18.2/src/net/http/server.go:2462 +0x149
net/http.serverHandler.ServeHTTP({0xc000116de0?}, {0x45975a0, 0xc0001461c0}, 0xc00013e100)
	/Users/ryota-k/.goenv/versions/1.18.2/src/net/http/server.go:2916 +0x43b
net/http.(*conn).serve(0xc0002500a0, {0x4597858, 0xc000093590})
	/Users/ryota-k/.goenv/versions/1.18.2/src/net/http/server.go:1966 +0x5d7
created by net/http.(*Server).Serve
	/Users/ryota-k/.goenv/versions/1.18.2/src/net/http/server.go:3071 +0x4db
2022/06/04 02:40:23 server.go:3197: http: panic serving [::1]:62870: open app/views/templates/index.html: no such file or directory
goroutine 40 [running]:
net/http.(*conn).serve.func1()
	/Users/ryota-k/.goenv/versions/1.18.2/src/net/http/server.go:1825 +0xbf
panic({0x44b19e0, 0xc000117a40})
	/Users/ryota-k/.goenv/versions/1.18.2/src/runtime/panic.go:844 +0x258
html/template.Must(...)
	/Users/ryota-k/.goenv/versions/1.18.2/src/html/template/template.go:374
github.com/RyotaKITA-12/goTodo.git/app/controllers.generateHTML({0x45975a0?, 0xc0001462a0}, {0x448f560, 0x4593d30}, {0xc00020a9e0?, 0x3, 0x0?})
	/Users/ryota-k/.goenv/versions/1.18.2/src/github.com/RyotaKITA-12/goTodo/app/controllers/server.go:17 +0x106
github.com/RyotaKITA-12/goTodo.git/app/controllers.index({0x45975a0?, 0xc0001462a0?}, 0x0?)
	/Users/ryota-k/.goenv/versions/1.18.2/src/github.com/RyotaKITA-12/goTodo/app/controllers/route_main.go:8 +0x97
net/http.HandlerFunc.ServeHTTP(0x4e7b698?, {0x45975a0?, 0xc0001462a0?}, 0x4011865?)
	/Users/ryota-k/.goenv/versions/1.18.2/src/net/http/server.go:2084 +0x2f
net/http.(*ServeMux).ServeHTTP(0x0?, {0x45975a0, 0xc0001462a0}, 0xc000252100)
	/Users/ryota-k/.goenv/versions/1.18.2/src/net/http/server.go:2462 +0x149
net/http.serverHandler.ServeHTTP({0xc00020ea80?}, {0x45975a0, 0xc0001462a0}, 0xc000252100)
	/Users/ryota-k/.goenv/versions/1.18.2/src/net/http/server.go:2916 +0x43b
net/http.(*conn).serve(0xc000250140, {0x4597858, 0xc000093590})
	/Users/ryota-k/.goenv/versions/1.18.2/src/net/http/server.go:1966 +0x5d7
created by net/http.(*Server).Serve
	/Users/ryota-k/.goenv/versions/1.18.2/src/net/http/server.go:3071 +0x4db
2022/06/04 02:40:23 server.go:3197: http: panic serving [::1]:62871: open app/views/templates/index.html: no such file or directory
goroutine 52 [running]:
net/http.(*conn).serve.func1()
	/Users/ryota-k/.goenv/versions/1.18.2/src/net/http/server.go:1825 +0xbf
panic({0x44b19e0, 0xc0001c0a20})
	/Users/ryota-k/.goenv/versions/1.18.2/src/runtime/panic.go:844 +0x258
html/template.Must(...)
	/Users/ryota-k/.goenv/versions/1.18.2/src/html/template/template.go:374
github.com/RyotaKITA-12/goTodo.git/app/controllers.generateHTML({0x45975a0?, 0xc000146380}, {0x448f560, 0x4593d30}, {0xc00020a9e0?, 0x3, 0x0?})
	/Users/ryota-k/.goenv/versions/1.18.2/src/github.com/RyotaKITA-12/goTodo/app/controllers/server.go:17 +0x106
github.com/RyotaKITA-12/goTodo.git/app/controllers.index({0x45975a0?, 0xc000146380?}, 0x0?)
	/Users/ryota-k/.goenv/versions/1.18.2/src/github.com/RyotaKITA-12/goTodo/app/controllers/route_main.go:8 +0x97
net/http.HandlerFunc.ServeHTTP(0x4e7b698?, {0x45975a0?, 0xc000146380?}, 0x4011865?)
	/Users/ryota-k/.goenv/versions/1.18.2/src/net/http/server.go:2084 +0x2f
net/http.(*ServeMux).ServeHTTP(0x0?, {0x45975a0, 0xc000146380}, 0xc00013e200)
	/Users/ryota-k/.goenv/versions/1.18.2/src/net/http/server.go:2462 +0x149
net/http.serverHandler.ServeHTTP({0xc000117b60?}, {0x45975a0, 0xc000146380}, 0xc00013e200)
	/Users/ryota-k/.goenv/versions/1.18.2/src/net/http/server.go:2916 +0x43b
net/http.(*conn).serve(0xc00013c140, {0x4597858, 0xc000093590})
	/Users/ryota-k/.goenv/versions/1.18.2/src/net/http/server.go:1966 +0x5d7
created by net/http.(*Server).Serve
	/Users/ryota-k/.goenv/versions/1.18.2/src/net/http/server.go:3071 +0x4db
2022/06/04 02:40:25 server.go:3197: http: panic serving [::1]:62872: open app/views/templates/index.html: no such file or directory
goroutine 31 [running]:
net/http.(*conn).serve.func1()
	/Users/ryota-k/.goenv/versions/1.18.2/src/net/http/server.go:1825 +0xbf
panic({0x44b19e0, 0xc0001c0d80})
	/Users/ryota-k/.goenv/versions/1.18.2/src/runtime/panic.go:844 +0x258
html/template.Must(...)
	/Users/ryota-k/.goenv/versions/1.18.2/src/html/template/template.go:374
github.com/RyotaKITA-12/goTodo.git/app/controllers.generateHTML({0x45975a0?, 0xc00025e0e0}, {0x448f560, 0x4593d30}, {0xc00020a9e0?, 0x3, 0x0?})
	/Users/ryota-k/.goenv/versions/1.18.2/src/github.com/RyotaKITA-12/goTodo/app/controllers/server.go:17 +0x106
github.com/RyotaKITA-12/goTodo.git/app/controllers.index({0x45975a0?, 0xc00025e0e0?}, 0x0?)
	/Users/ryota-k/.goenv/versions/1.18.2/src/github.com/RyotaKITA-12/goTodo/app/controllers/route_main.go:8 +0x97
net/http.HandlerFunc.ServeHTTP(0x4e7b698?, {0x45975a0?, 0xc00025e0e0?}, 0x4011865?)
	/Users/ryota-k/.goenv/versions/1.18.2/src/net/http/server.go:2084 +0x2f
net/http.(*ServeMux).ServeHTTP(0x0?, {0x45975a0, 0xc00025e0e0}, 0xc00013e300)
	/Users/ryota-k/.goenv/versions/1.18.2/src/net/http/server.go:2462 +0x149
net/http.serverHandler.ServeHTTP({0xc000117fb0?}, {0x45975a0, 0xc00025e0e0}, 0xc00013e300)
	/Users/ryota-k/.goenv/versions/1.18.2/src/net/http/server.go:2916 +0x43b
net/http.(*conn).serve(0xc0000b1540, {0x4597858, 0xc000093590})
	/Users/ryota-k/.goenv/versions/1.18.2/src/net/http/server.go:1966 +0x5d7
created by net/http.(*Server).Serve
	/Users/ryota-k/.goenv/versions/1.18.2/src/net/http/server.go:3071 +0x4db
2022/06/04 02:40:25 server.go:3197: http: panic serving [::1]:62873: open app/views/templates/index.html: no such file or directory
goroutine 32 [running]:
net/http.(*conn).serve.func1()
	/Users/ryota-k/.goenv/versions/1.18.2/src/net/http/server.go:1825 +0xbf
panic({0x44b19e0, 0xc000296210})
	/Users/ryota-k/.goenv/versions/1.18.2/src/runtime/panic.go:844 +0x258
html/template.Must(...)
	/Users/ryota-k/.goenv/versions/1.18.2/src/html/template/template.go:374
github.com/RyotaKITA-12/goTodo.git/app/controllers.generateHTML({0x45975a0?, 0xc000194380}, {0x448f560, 0x4593d30}, {0xc0000649e0?, 0x3, 0x0?})
	/Users/ryota-k/.goenv/versions/1.18.2/src/github.com/RyotaKITA-12/goTodo/app/controllers/server.go:17 +0x106
github.com/RyotaKITA-12/goTodo.git/app/controllers.index({0x45975a0?, 0xc000194380?}, 0x0?)
	/Users/ryota-k/.goenv/versions/1.18.2/src/github.com/RyotaKITA-12/goTodo/app/controllers/route_main.go:8 +0x97
net/http.HandlerFunc.ServeHTTP(0x4e7b788?, {0x45975a0?, 0xc000194380?}, 0x4011865?)
	/Users/ryota-k/.goenv/versions/1.18.2/src/net/http/server.go:2084 +0x2f
net/http.(*ServeMux).ServeHTTP(0x0?, {0x45975a0, 0xc000194380}, 0xc000186500)
	/Users/ryota-k/.goenv/versions/1.18.2/src/net/http/server.go:2462 +0x149
net/http.serverHandler.ServeHTTP({0xc0001c0b40?}, {0x45975a0, 0xc000194380}, 0xc000186500)
	/Users/ryota-k/.goenv/versions/1.18.2/src/net/http/server.go:2916 +0x43b
net/http.(*conn).serve(0xc0000b15e0, {0x4597858, 0xc000093590})
	/Users/ryota-k/.goenv/versions/1.18.2/src/net/http/server.go:1966 +0x5d7
created by net/http.(*Server).Serve
	/Users/ryota-k/.goenv/versions/1.18.2/src/net/http/server.go:3071 +0x4db
2022/06/04 02:40:25 server.go:3197: http: panic serving [::1]:62874: open app/views/templates/index.html: no such file or directory
goroutine 56 [running]:
net/http.(*conn).serve.func1()
	/Users/ryota-k/.goenv/versions/1.18.2/src/net/http/server.go:1825 +0xbf
panic({0x44b19e0, 0xc000296930})
	/Users/ryota-k/.goenv/versions/1.18.2/src/runtime/panic.go:844 +0x258
html/template.Must(...)
	/Users/ryota-k/.goenv/versions/1.18.2/src/html/template/template.go:374
github.com/RyotaKITA-12/goTodo.git/app/controllers.generateHTML({0x45975a0?, 0xc000146460}, {0x448f560, 0x4593d30}, {0xc0000699e0?, 0x3, 0x0?})
	/Users/ryota-k/.goenv/versions/1.18.2/src/github.com/RyotaKITA-12/goTodo/app/controllers/server.go:17 +0x106
github.com/RyotaKITA-12/goTodo.git/app/controllers.index({0x45975a0?, 0xc000146460?}, 0x0?)
	/Users/ryota-k/.goenv/versions/1.18.2/src/github.com/RyotaKITA-12/goTodo/app/controllers/route_main.go:8 +0x97
net/http.HandlerFunc.ServeHTTP(0x4e7b788?, {0x45975a0?, 0xc000146460?}, 0x4011865?)
	/Users/ryota-k/.goenv/versions/1.18.2/src/net/http/server.go:2084 +0x2f
net/http.(*ServeMux).ServeHTTP(0x0?, {0x45975a0, 0xc000146460}, 0xc00013e400)
	/Users/ryota-k/.goenv/versions/1.18.2/src/net/http/server.go:2462 +0x149
net/http.serverHandler.ServeHTTP({0xc0002962d0?}, {0x45975a0, 0xc000146460}, 0xc00013e400)
	/Users/ryota-k/.goenv/versions/1.18.2/src/net/http/server.go:2916 +0x43b
net/http.(*conn).serve(0xc00013c1e0, {0x4597858, 0xc000093590})
	/Users/ryota-k/.goenv/versions/1.18.2/src/net/http/server.go:1966 +0x5d7
created by net/http.(*Server).Serve
	/Users/ryota-k/.goenv/versions/1.18.2/src/net/http/server.go:3071 +0x4db
2022/06/04 02:41:25 server.go:3197: http: panic serving [::1]:62878: open app/views/templates/index.html: no such file or directory
goroutine 60 [running]:
net/http.(*conn).serve.func1()
	/Users/ryota-k/.goenv/versions/1.18.2/src/net/http/server.go:1825 +0xbf
panic({0x44b19e0, 0xc000296ff0})
	/Users/ryota-k/.goenv/versions/1.18.2/src/runtime/panic.go:844 +0x258
html/template.Must(...)
	/Users/ryota-k/.goenv/versions/1.18.2/src/html/template/template.go:374
github.com/RyotaKITA-12/goTodo.git/app/controllers.generateHTML({0x45975a0?, 0xc000146540}, {0x448f560, 0x4593d30}, {0xc0000649e0?, 0x3, 0x0?})
	/Users/ryota-k/.goenv/versions/1.18.2/src/github.com/RyotaKITA-12/goTodo/app/controllers/server.go:17 +0x106
github.com/RyotaKITA-12/goTodo.git/app/controllers.index({0x45975a0?, 0xc000146540?}, 0x0?)
	/Users/ryota-k/.goenv/versions/1.18.2/src/github.com/RyotaKITA-12/goTodo/app/controllers/route_main.go:8 +0x97
net/http.HandlerFunc.ServeHTTP(0x4e7b788?, {0x45975a0?, 0xc000146540?}, 0x4011865?)
	/Users/ryota-k/.goenv/versions/1.18.2/src/net/http/server.go:2084 +0x2f
net/http.(*ServeMux).ServeHTTP(0x0?, {0x45975a0, 0xc000146540}, 0xc000186600)
	/Users/ryota-k/.goenv/versions/1.18.2/src/net/http/server.go:2462 +0x149
net/http.serverHandler.ServeHTTP({0xc0001c11d0?}, {0x45975a0, 0xc000146540}, 0xc000186600)
	/Users/ryota-k/.goenv/versions/1.18.2/src/net/http/server.go:2916 +0x43b
net/http.(*conn).serve(0xc00013c280, {0x4597858, 0xc000093590})
	/Users/ryota-k/.goenv/versions/1.18.2/src/net/http/server.go:1966 +0x5d7
created by net/http.(*Server).Serve
	/Users/ryota-k/.goenv/versions/1.18.2/src/net/http/server.go:3071 +0x4db
2022/06/04 02:41:25 server.go:3197: http: panic serving [::1]:62879: open app/views/templates/index.html: no such file or directory
goroutine 61 [running]:
net/http.(*conn).serve.func1()
	/Users/ryota-k/.goenv/versions/1.18.2/src/net/http/server.go:1825 +0xbf
panic({0x44b19e0, 0xc000297620})
	/Users/ryota-k/.goenv/versions/1.18.2/src/runtime/panic.go:844 +0x258
html/template.Must(...)
	/Users/ryota-k/.goenv/versions/1.18.2/src/html/template/template.go:374
github.com/RyotaKITA-12/goTodo.git/app/controllers.generateHTML({0x45975a0?, 0xc000146620}, {0x448f560, 0x4593d30}, {0xc0000699e0?, 0x3, 0x0?})
	/Users/ryota-k/.goenv/versions/1.18.2/src/github.com/RyotaKITA-12/goTodo/app/controllers/server.go:17 +0x106
github.com/RyotaKITA-12/goTodo.git/app/controllers.index({0x45975a0?, 0xc000146620?}, 0x0?)
	/Users/ryota-k/.goenv/versions/1.18.2/src/github.com/RyotaKITA-12/goTodo/app/controllers/route_main.go:8 +0x97
net/http.HandlerFunc.ServeHTTP(0x4e7b698?, {0x45975a0?, 0xc000146620?}, 0x4011865?)
	/Users/ryota-k/.goenv/versions/1.18.2/src/net/http/server.go:2084 +0x2f
net/http.(*ServeMux).ServeHTTP(0x0?, {0x45975a0, 0xc000146620}, 0xc00013e500)
	/Users/ryota-k/.goenv/versions/1.18.2/src/net/http/server.go:2462 +0x149
net/http.serverHandler.ServeHTTP({0xc000296a50?}, {0x45975a0, 0xc000146620}, 0xc00013e500)
	/Users/ryota-k/.goenv/versions/1.18.2/src/net/http/server.go:2916 +0x43b
net/http.(*conn).serve(0xc00013c320, {0x4597858, 0xc000093590})
	/Users/ryota-k/.goenv/versions/1.18.2/src/net/http/server.go:1966 +0x5d7
created by net/http.(*Server).Serve
	/Users/ryota-k/.goenv/versions/1.18.2/src/net/http/server.go:3071 +0x4db
2022/06/04 02:41:25 server.go:3197: http: panic serving [::1]:62880: open app/views/templates/index.html: no such file or directory
goroutine 84 [running]:
net/http.(*conn).serve.func1()
	/Users/ryota-k/.goenv/versions/1.18.2/src/net/http/server.go:1825 +0xbf
panic({0x44b19e0, 0xc0001c14a0})
	/Users/ryota-k/.goenv/versions/1.18.2/src/runtime/panic.go:844 +0x258
html/template.Must(...)
	/Users/ryota-k/.goenv/versions/1.18.2/src/html/template/template.go:374
github.com/RyotaKITA-12/goTodo.git/app/controllers.generateHTML({0x45975a0?, 0xc000146700}, {0x448f560, 0x4593d30}, {0xc0000699e0?, 0x3, 0x0?})
	/Users/ryota-k/.goenv/versions/1.18.2/src/github.com/RyotaKITA-12/goTodo/app/controllers/server.go:17 +0x106
github.com/RyotaKITA-12/goTodo.git/app/controllers.index({0x45975a0?, 0xc000146700?}, 0x0?)
	/Users/ryota-k/.goenv/versions/1.18.2/src/github.com/RyotaKITA-12/goTodo/app/controllers/route_main.go:8 +0x97
net/http.HandlerFunc.ServeHTTP(0x4e7b698?, {0x45975a0?, 0xc000146700?}, 0x4011865?)
	/Users/ryota-k/.goenv/versions/1.18.2/src/net/http/server.go:2084 +0x2f
net/http.(*ServeMux).ServeHTTP(0x0?, {0x45975a0, 0xc000146700}, 0xc00013e600)
	/Users/ryota-k/.goenv/versions/1.18.2/src/net/http/server.go:2462 +0x149
net/http.serverHandler.ServeHTTP({0xc0002976e0?}, {0x45975a0, 0xc000146700}, 0xc00013e600)
	/Users/ryota-k/.goenv/versions/1.18.2/src/net/http/server.go:2916 +0x43b
net/http.(*conn).serve(0xc00013c3c0, {0x4597858, 0xc000093590})
	/Users/ryota-k/.goenv/versions/1.18.2/src/net/http/server.go:1966 +0x5d7
created by net/http.(*Server).Serve
	/Users/ryota-k/.goenv/versions/1.18.2/src/net/http/server.go:3071 +0x4db
2022/06/04 02:52:05 route_auth.go:38: sql: no rows in result set
2022/06/04 02:52:05 server.go:3197: http: superfluous response.WriteHeader call from github.com/RyotaKITA-12/goTodo.git/app/controllers.authenticate (route_auth.go:55)
2022/06/04 03:44:01 route_main.go:24: sql: expected 5 destination arguments in Scan, not 6
2022/06/04 03:44:10 route_main.go:24: sql: expected 5 destination arguments in Scan, not 6
2022/06/04 03:45:00 route_main.go:24: sql: expected 5 destination arguments in Scan, not 6
2022/06/04 03:45:00 route_main.go:24: sql: expected 5 destination arguments in Scan, not 6
2022/06/04 03:45:01 route_main.go:24: sql: expected 5 destination arguments in Scan, not 6
2022/06/04 03:45:01 route_main.go:24: sql: expected 5 destination arguments in Scan, not 6
2022/06/04 03:45:50 route_main.go:24: sql: expected 5 destination arguments in Scan, not 6
2022/06/04 03:45:50 route_main.go:24: sql: expected 5 destination arguments in Scan, not 6
2022/06/04 03:45:51 route_main.go:24: sql: expected 5 destination arguments in Scan, not 6
